<?xml version="1.0" encoding="UTF-8"?>
<testsuite xmlns:xsi="http://www.w3.org/2001/XMLSchema-instance" xsi:noNamespaceSchemaLocation="https://maven.apache.org/surefire/maven-failsafe-plugin/xsd/failsafe-test-report-3.0.xsd" version="3.0" name="cucumberTestSuite" time="53.53" tests="1" errors="0" skipped="0" failures="0">
  <properties>
[...]
</properties>
  <testcase name="As a user i have to be able to count my pension fund" classname="Pension Fund" time="48.929">
    <system-out><![CDATA[14:32:20.798 [main] INFO io.cucumber.core.plugin.SerenityReporter - Running feature from file:///D:/PERKULIAHAN/Quality_Engineer_Gladys/Web/src/test/resources/features/countDanaPensiun.feature
14:32:21.069 [main] INFO  - 

-------------------------------------------------------------------------------------
     _______. _______ .______       _______ .__   __.  __  .___________.____    ____ 
    /       ||   ____||   _  \     |   ____||  \ |  | |  | |           |\   \  /   / 
   |   (----`|  |__   |  |_)  |    |  |__   |   \|  | |  | `---|  |----` \   \/   /  
    \   \    |   __|  |      /     |   __|  |  . `  | |  |     |  |       \_    _/   
.----)   |   |  |____ |  |\  \----.|  |____ |  |\   | |  |     |  |         |  |     
|_______/    |_______|| _| `._____||_______||__| \__| |__|     |__|         |__|    
                                                                                     
 News and tutorials at http://www.serenity-bdd.info                                  
 Documentation at https://wakaleo.gitbooks.io/the-serenity-book/content/             
 Join the Serenity Community on Gitter: https://gitter.im/serenity-bdd/serenity-core 
 Serenity BDD Support and Training at http://serenity-bdd.info/#/trainingandsupport  
-------------------------------------------------------------------------------------

14:32:21.074 [main] DEBUG net.thucydides.core.steps.StepEventBus - Test suite started for story net.thucydides.core.model.Story@b909430d
14:32:21.079 [main] INFO  - Test Suite Started: Pension Fund
14:32:21.105 [main] INFO io.cucumber.core.plugin.SerenityReporter - Running feature from file:///D:/PERKULIAHAN/Quality_Engineer_Gladys/Web/src/test/resources/features/countDanaPensiun.feature
14:32:21.110 [main] DEBUG net.thucydides.core.steps.StepEventBus - Test suite started for story net.thucydides.core.model.Story@b909430d
14:32:21.111 [main] INFO  - Test Suite Started: Pension Fund

Scenario: As a user i have to be able to count my pension fund                 &amp#27;[90m# src/test/resources/features/countDanaPensiun.feature:6&amp#27;[0m
14:32:21.263 [main] INFO io.cucumber.core.plugin.SerenityReporter - Running feature from file:///D:/PERKULIAHAN/Quality_Engineer_Gladys/Web/src/test/resources/features/countDanaPensiun.feature
14:32:21.394 [main] INFO  - 
  _____   ___   ___   _____     ___   _____     _     ___   _____   ___   ___  
 |_   _| | __| / __| |_   _|   / __| |_   _|   /_\   | _ \ |_   _| | __| |   \ 
   | |   | _|  \__ \   | |     \__ \   | |    / _ \  |   /   | |   | _|  | |) |
   |_|   |___| |___/   |_|     |___/   |_|   /_/ \_\ |_|_\   |_|   |___| |___/ 

As a user i have to be able to count my pension fund(pension-fund;as-a-user-i-have-to-be-able-to-count-my-pension-fund)
--------------------------------------------------------------------------------
14:32:21.702 [main] INFO net.serenitybdd.core.webdriver.driverproviders.ChromeDriverProvider - Using automatically driver download
14:32:22.489 [main] DEBUG io.github.bonigarcia.wdm.cache.ResolutionCache - Resolution chrome=106 in cache (valid until 15:22:43 06/10/2022 WIB)
14:32:22.501 [main] DEBUG io.github.bonigarcia.wdm.cache.ResolutionCache - Resolution chrome106=106.0.5249.61 in cache (valid until 01:04:17 07/10/2022 WIB)
14:32:22.506 [main] INFO io.github.bonigarcia.wdm.WebDriverManager - Using chromedriver 106.0.5249.61 (resolved driver for Chrome 106)
14:32:22.536 [main] DEBUG io.github.bonigarcia.wdm.WebDriverManager - Driver chromedriver 106.0.5249.61 found in cache
14:32:22.537 [main] INFO io.github.bonigarcia.wdm.WebDriverManager - Exporting webdriver.chrome.driver as C:\Users\ASUS\.cache\selenium\chromedriver\win32\106.0.5249.61\chromedriver.exe
14:32:23.194 [main] DEBUG net.thucydides.core.reflection.ClassFinder - Could not load class .cucumberTestSuite
14:32:23.194 [main] DEBUG net.thucydides.core.reflection.ClassFinder - Could not load class .starter.pages.DanaPensiunPage
14:32:23.194 [main] DEBUG net.thucydides.core.reflection.ClassFinder - Could not load class .starter.pages.HomePage
14:32:23.195 [main] DEBUG net.thucydides.core.reflection.ClassFinder - Could not load class .starter.stepdefinitions.countPensionFund
14:32:23.195 [main] DEBUG net.thucydides.core.reflection.ClassFinder - Could not load class .utils.General
14:32:23.195 [main] DEBUG net.thucydides.core.reflection.ClassFinder - Could not load class META-INF.versions.9.com.sun.istack.logging.StackHelper
14:32:23.196 [main] DEBUG net.thucydides.core.reflection.ClassFinder - Could not load class META-INF.versions.9.com.sun.xml.bind.v2.runtime.reflect.opt.AccessorInjector
14:32:23.196 [main] DEBUG net.thucydides.core.reflection.ClassFinder - Could not load class META-INF.versions.9.com.sun.xml.bind.v2.runtime.reflect.opt.Injector
14:32:23.196 [main] DEBUG net.thucydides.core.reflection.ClassFinder - Could not load class META-INF.versions.9.com.sun.xml.bind.v2.runtime.reflect.opt.OptimizedAccessorFactory
14:32:23.196 [main] DEBUG net.thucydides.core.reflection.ClassFinder - Could not load class META-INF.versions.9.com.sun.xml.bind.v2.runtime.reflect.opt.OptimizedTransducedAccessorFactory
14:32:23.197 [main] DEBUG net.thucydides.core.reflection.ClassFinder - Could not load class META-INF.versions.9.io.opentelemetry.sdk.internal.CurrentJavaVersionSpecific
14:32:23.197 [main] DEBUG net.thucydides.core.reflection.ClassFinder - Could not load class META-INF.versions.9.io.opentelemetry.sdk.internal.Java9VersionSpecific
14:32:23.198 [main] DEBUG net.thucydides.core.reflection.ClassFinder - Could not load class META-INF.versions.9.javax.xml.bind.ModuleUtil
14:32:23.198 [main] DEBUG net.thucydides.core.reflection.ClassFinder - Could not load class META-INF.versions.9.module-info
14:32:23.199 [main] DEBUG net.thucydides.core.reflection.ClassFinder - Could not load class META-INF.versions.9.org.junit.platform.commons.util.ModuleUtils
14:32:23.504 [main] DEBUG net.thucydides.core.reflection.ClassFinder - Could not load class com.google.gson.internal.
14:32:23.675 [main] DEBUG net.thucydides.core.reflection.ClassFinder - Could not load class com.sun.xml.bind.v2.runtime.output.FastInfosetStreamWriterOutput
14:32:24.126 [main] DEBUG net.thucydides.core.reflection.ClassFinder - Could not load class module-info
14:32:27.349 [main] DEBUG io.netty.util.internal.logging.InternalLoggerFactory - Using SLF4J as the default logging framework
14:32:27.355 [main] DEBUG io.netty.util.ResourceLeakDetector - -Dio.netty.leakDetection.level: simple
14:32:27.355 [main] DEBUG io.netty.util.ResourceLeakDetector - -Dio.netty.leakDetection.targetRecords: 4
14:32:27.362 [main] DEBUG io.netty.util.ResourceLeakDetectorFactory - Loaded default ResourceLeakDetector: io.netty.util.ResourceLeakDetector@2acacdf
14:32:27.394 [main] DEBUG io.netty.util.internal.PlatformDependent0 - -Dio.netty.noUnsafe: false
14:32:27.395 [main] DEBUG io.netty.util.internal.PlatformDependent0 - Java version: 15
14:32:27.396 [main] DEBUG io.netty.util.internal.PlatformDependent0 - sun.misc.Unsafe.theUnsafe: available
14:32:27.397 [main] DEBUG io.netty.util.internal.PlatformDependent0 - sun.misc.Unsafe.copyMemory: available
14:32:27.398 [main] DEBUG io.netty.util.internal.PlatformDependent0 - java.nio.Buffer.address: available
14:32:27.400 [main] DEBUG io.netty.util.internal.PlatformDependent0 - direct buffer constructor: unavailable: Reflective setAccessible(true) disabled
14:32:27.401 [main] DEBUG io.netty.util.internal.PlatformDependent0 - java.nio.Bits.unaligned: available, true
14:32:27.403 [main] DEBUG io.netty.util.internal.PlatformDependent0 - jdk.internal.misc.Unsafe.allocateUninitializedArray(int): unavailable: class io.netty.util.internal.PlatformDependent0$6 cannot access class jdk.internal.misc.Unsafe (in module java.base) because module java.base does not export jdk.internal.misc to unnamed module @50305a
14:32:27.406 [main] DEBUG io.netty.util.internal.PlatformDependent0 - java.nio.DirectByteBuffer.<init>(long, int): unavailable
14:32:27.407 [main] DEBUG io.netty.util.internal.PlatformDependent - sun.misc.Unsafe: available
14:32:27.410 [main] DEBUG io.netty.util.internal.PlatformDependent - maxDirectMemory: 2671771648 bytes (maybe)
14:32:27.411 [main] DEBUG io.netty.util.internal.PlatformDependent - -Dio.netty.tmpdir: C:\Users\ASUS\AppData\Local\Temp (java.io.tmpdir)
14:32:27.411 [main] DEBUG io.netty.util.internal.PlatformDependent - -Dio.netty.bitMode: 64 (sun.arch.data.model)
14:32:27.411 [main] DEBUG io.netty.util.internal.PlatformDependent - Platform: Windows
14:32:27.413 [main] DEBUG io.netty.util.internal.PlatformDependent - -Dio.netty.maxDirectMemory: -1 bytes
14:32:27.413 [main] DEBUG io.netty.util.internal.PlatformDependent - -Dio.netty.uninitializedArrayAllocationThreshold: -1
14:32:27.415 [main] DEBUG io.netty.util.internal.CleanerJava9 - java.nio.ByteBuffer.cleaner(): available
14:32:27.415 [main] DEBUG io.netty.util.internal.PlatformDependent - -Dio.netty.noPreferDirect: false
14:32:27.430 [main] DEBUG io.netty.util.internal.PlatformDependent - org.jctools-core.MpscChunkedArrayQueue: available
14:32:27.463 [main] DEBUG io.netty.util.internal.InternalThreadLocalMap - -Dio.netty.threadLocalMap.stringBuilder.initialSize: 1024
14:32:27.463 [main] DEBUG io.netty.util.internal.InternalThreadLocalMap - -Dio.netty.threadLocalMap.stringBuilder.maxSize: 4096
14:32:27.551 [main] DEBUG io.netty.handler.ssl.JdkSslContext - Default protocols (JDK): [TLSv1.3, TLSv1.2, TLSv1.1, TLSv1] 
14:32:27.552 [main] DEBUG io.netty.handler.ssl.JdkSslContext - Default cipher suites (JDK): [TLS_ECDHE_ECDSA_WITH_AES_256_GCM_SHA384, TLS_ECDHE_ECDSA_WITH_AES_128_GCM_SHA256, TLS_ECDHE_RSA_WITH_AES_128_GCM_SHA256, TLS_ECDHE_RSA_WITH_AES_256_GCM_SHA384, TLS_ECDHE_RSA_WITH_AES_128_CBC_SHA, TLS_ECDHE_RSA_WITH_AES_256_CBC_SHA, TLS_RSA_WITH_AES_128_GCM_SHA256, TLS_RSA_WITH_AES_128_CBC_SHA, TLS_RSA_WITH_AES_256_CBC_SHA, TLS_AES_128_GCM_SHA256, TLS_AES_256_GCM_SHA384]
14:32:27.605 [main] DEBUG io.netty.channel.MultithreadEventLoopGroup - -Dio.netty.eventLoopThreads: 16
14:32:27.624 [main] DEBUG io.netty.channel.nio.NioEventLoop - -Dio.netty.noKeySetOptimization: false
14:32:27.624 [main] DEBUG io.netty.channel.nio.NioEventLoop - -Dio.netty.selectorAutoRebuildThreshold: 512
14:32:27.715 [main] DEBUG io.netty.buffer.PooledByteBufAllocator - -Dio.netty.allocator.numHeapArenas: 16
14:32:27.715 [main] DEBUG io.netty.buffer.PooledByteBufAllocator - -Dio.netty.allocator.numDirectArenas: 16
14:32:27.715 [main] DEBUG io.netty.buffer.PooledByteBufAllocator - -Dio.netty.allocator.pageSize: 8192
14:32:27.715 [main] DEBUG io.netty.buffer.PooledByteBufAllocator - -Dio.netty.allocator.maxOrder: 11
14:32:27.715 [main] DEBUG io.netty.buffer.PooledByteBufAllocator - -Dio.netty.allocator.chunkSize: 16777216
14:32:27.715 [main] DEBUG io.netty.buffer.PooledByteBufAllocator - -Dio.netty.allocator.smallCacheSize: 256
14:32:27.716 [main] DEBUG io.netty.buffer.PooledByteBufAllocator - -Dio.netty.allocator.normalCacheSize: 64
14:32:27.716 [main] DEBUG io.netty.buffer.PooledByteBufAllocator - -Dio.netty.allocator.maxCachedBufferCapacity: 32768
14:32:27.716 [main] DEBUG io.netty.buffer.PooledByteBufAllocator - -Dio.netty.allocator.cacheTrimInterval: 8192
14:32:27.716 [main] DEBUG io.netty.buffer.PooledByteBufAllocator - -Dio.netty.allocator.cacheTrimIntervalMillis: 0
14:32:27.716 [main] DEBUG io.netty.buffer.PooledByteBufAllocator - -Dio.netty.allocator.useCacheForAllThreads: true
14:32:27.716 [main] DEBUG io.netty.buffer.PooledByteBufAllocator - -Dio.netty.allocator.maxCachedByteBuffersPerChunk: 1023
14:32:27.733 [main] DEBUG io.netty.buffer.ByteBufUtil - -Dio.netty.allocator.type: pooled
14:32:27.733 [main] DEBUG io.netty.buffer.ByteBufUtil - -Dio.netty.threadLocalDirectBufferSize: 0
14:32:27.733 [main] DEBUG io.netty.buffer.ByteBufUtil - -Dio.netty.maxThreadLocalCharBufferSize: 16384
14:32:28.126 [main] DEBUG net.serenitybdd.core.webdriver.driverproviders.ProvideNewDriver - Instantiating driver
14:32:28.126 [main] DEBUG net.serenitybdd.core.webdriver.driverproviders.ProvideNewDriver - Driver capabilities: Capabilities {acceptInsecureCerts: false, base.url: https://sequis.co.id/, browserName: chrome, chrome.driver: src/test/resources/webDrive..., driver: chrome, goog:chromeOptions: {args: [], extensions: []}}
14:32:28.917 [Forwarding newSession on session null to remote] DEBUG io.netty.channel.DefaultChannelId - -Dio.netty.processId: 31328 (auto-detected)
14:32:28.921 [Forwarding newSession on session null to remote] DEBUG io.netty.util.NetUtil - -Djava.net.preferIPv4Stack: false
14:32:28.921 [Forwarding newSession on session null to remote] DEBUG io.netty.util.NetUtil - -Djava.net.preferIPv6Addresses: false
14:32:28.933 [Forwarding newSession on session null to remote] DEBUG io.netty.util.NetUtilInitializations - Loopback interface: lo (Software Loopback Interface 1, 127.0.0.1)
14:32:28.935 [Forwarding newSession on session null to remote] DEBUG io.netty.util.NetUtil - Failed to get SOMAXCONN from sysctl and file \proc\sys\net\core\somaxconn. Default: 200
14:32:28.974 [Forwarding newSession on session null to remote] DEBUG io.netty.channel.DefaultChannelId - -Dio.netty.machineId: 04:ea:56:ff:fe:54:1b:1d (auto-detected)
14:32:29.039 [AsyncHttpClient-1-2] DEBUG io.netty.buffer.AbstractByteBuf - -Dio.netty.buffer.checkAccessible: true
14:32:29.040 [AsyncHttpClient-1-2] DEBUG io.netty.buffer.AbstractByteBuf - -Dio.netty.buffer.checkBounds: true
14:32:29.040 [AsyncHttpClient-1-2] DEBUG io.netty.util.ResourceLeakDetectorFactory - Loaded default ResourceLeakDetector: io.netty.util.ResourceLeakDetector@5b1f70f6
14:32:29.058 [AsyncHttpClient-1-2] DEBUG org.asynchttpclient.netty.channel.NettyConnectListener - Using new Channel '[id: 0xf4548267, L:/127.0.0.1:60079 - R:localhost/127.0.0.1:61616]' for 'POST' to '/session'
14:32:29.078 [AsyncHttpClient-1-2] DEBUG io.netty.util.Recycler - -Dio.netty.recycler.maxCapacityPerThread: 4096
14:32:29.078 [AsyncHttpClient-1-2] DEBUG io.netty.util.Recycler - -Dio.netty.recycler.ratio: 8
14:32:29.078 [AsyncHttpClient-1-2] DEBUG io.netty.util.Recycler - -Dio.netty.recycler.chunkSize: 32
14:32:29.078 [AsyncHttpClient-1-2] DEBUG io.netty.util.Recycler - -Dio.netty.recycler.blocking: false
14:32:30.470 [AsyncHttpClient-1-2] DEBUG io.netty.handler.codec.compression.Brotli - brotli4j not in the classpath; Brotli support will be unavailable.
14:32:30.471 [AsyncHttpClient-1-2] DEBUG org.asynchttpclient.netty.handler.HttpHandler - 

Request DefaultHttpRequest(decodeResult: success, version: HTTP/1.1)
POST /session HTTP/1.1
User-Agent: selenium/4.1.2 (java windows)
Content-Length: 607
Content-Type: application/json; charset=utf-8
host: localhost:61616
accept: */*

Response DefaultHttpResponse(decodeResult: success, version: HTTP/1.1)
HTTP/1.1 200 OK
Content-Type: application/json; charset=utf-8
cache-control: no-cache
content-length: 788

14:32:30.485 [AsyncHttpClient-1-2] DEBUG org.asynchttpclient.netty.channel.ChannelManager - Adding key: http://localhost:61616 for channel [id: 0xf4548267, L:/127.0.0.1:60079 - R:localhost/127.0.0.1:61616]
14:32:30.564 [AsyncHttpClient-1-3] DEBUG org.asynchttpclient.netty.channel.NettyConnectListener - Using new Channel '[id: 0x54e718e7, L:/127.0.0.1:60089 - R:localhost/127.0.0.1:60080]' for 'GET' to '/json/version'
14:32:30.572 [AsyncHttpClient-1-3] DEBUG org.asynchttpclient.netty.handler.HttpHandler - 

Request DefaultFullHttpRequest(decodeResult: success, version: HTTP/1.1, content: EmptyByteBufBE)
GET /json/version HTTP/1.1
User-Agent: selenium/4.1.2 (java windows)
host: localhost:60080
accept: */*

Response DefaultHttpResponse(decodeResult: success, version: HTTP/1.1)
HTTP/1.1 200 OK
Content-Type: application/json; charset=UTF-8
content-length: 423

14:32:30.572 [AsyncHttpClient-1-3] DEBUG org.asynchttpclient.netty.channel.ChannelManager - Adding key: http://localhost:60080 for channel [id: 0x54e718e7, L:/127.0.0.1:60089 - R:localhost/127.0.0.1:60080]
14:32:30.586 [main] DEBUG io.netty.util.internal.ThreadLocalRandom - -Dio.netty.initialSeedUniquifier: 0x534963e6aa49b7d7
14:32:30.596 [AsyncHttpClient-1-4] DEBUG org.asynchttpclient.netty.channel.NettyConnectListener - Using new Channel '[id: 0x1ee756b8, L:/127.0.0.1:60090 - R:localhost/127.0.0.1:60080]' for 'GET' to '/devtools/browser/de423275-68d6-421c-b595-8bfefabd173d'
14:32:30.610 [AsyncHttpClient-1-4] DEBUG org.asynchttpclient.netty.handler.WebSocketHandler - 

Request DefaultFullHttpRequest(decodeResult: success, version: HTTP/1.1, content: EmptyByteBufBE)
GET /devtools/browser/de423275-68d6-421c-b595-8bfefabd173d HTTP/1.1
upgrade: websocket
connection: upgrade
sec-websocket-key: TWdV6ODbGRA/ILzsI2dgqg==
sec-websocket-version: 13
origin: http://localhost:60080
host: localhost:60080
accept: */*
user-agent: AHC/2.1

Response DefaultHttpResponse(decodeResult: success, version: HTTP/1.1)
HTTP/1.1 101 WebSocket Protocol Handshake
Upgrade: WebSocket
Connection: Upgrade
Sec-WebSocket-Accept: PP++odlyMD7AHc+O/eenymzxaUk=

14:32:30.667 [Forwarding maximizeCurrentWindow on session 5bf681029cefe38be3c56c6c2a887ff7 to remote] DEBUG org.asynchttpclient.netty.request.NettyRequestSender - Using pooled Channel '[id: 0xf4548267, L:/127.0.0.1:60079 - R:localhost/127.0.0.1:61616]' for 'POST' to 'http://localhost:61616/session/5bf681029cefe38be3c56c6c2a887ff7/window/maximize'
14:32:30.668 [Forwarding maximizeCurrentWindow on session 5bf681029cefe38be3c56c6c2a887ff7 to remote] DEBUG org.asynchttpclient.netty.request.NettyRequestSender - Using open Channel [id: 0xf4548267, L:/127.0.0.1:60079 - R:localhost/127.0.0.1:61616] for POST '/session/5bf681029cefe38be3c56c6c2a887ff7/window/maximize'
14:32:30.801 [AsyncHttpClient-1-2] DEBUG org.asynchttpclient.netty.handler.HttpHandler - 

Request DefaultHttpRequest(decodeResult: success, version: HTTP/1.1)
POST /session/5bf681029cefe38be3c56c6c2a887ff7/window/maximize HTTP/1.1
User-Agent: selenium/4.1.2 (java windows)
Content-Length: 3
Content-Type: application/json; charset=utf-8
host: localhost:61616
accept: */*

Response DefaultHttpResponse(decodeResult: success, version: HTTP/1.1)
HTTP/1.1 200 OK
Content-Type: application/json; charset=utf-8
cache-control: no-cache
content-length: 51

14:32:30.802 [AsyncHttpClient-1-2] DEBUG org.asynchttpclient.netty.channel.ChannelManager - Adding key: http://localhost:61616 for channel [id: 0xf4548267, L:/127.0.0.1:60079 - R:localhost/127.0.0.1:61616]
14:32:30.838 [AsyncHttpClient-1-1] DEBUG org.asynchttpclient.netty.channel.DefaultChannelPool - Entry count for : http://localhost:61616 : 1
14:32:30.838 [AsyncHttpClient-1-1] DEBUG org.asynchttpclient.netty.channel.DefaultChannelPool - Entry count for : http://localhost:60080 : 1
14:32:31.436 [main] DEBUG net.thucydides.core.reflection.ClassFinder - Could not load class .cucumberTestSuite
14:32:31.437 [main] DEBUG net.thucydides.core.reflection.ClassFinder - Could not load class .starter.pages.DanaPensiunPage
14:32:31.437 [main] DEBUG net.thucydides.core.reflection.ClassFinder - Could not load class .starter.pages.HomePage
14:32:31.437 [main] DEBUG net.thucydides.core.reflection.ClassFinder - Could not load class .starter.stepdefinitions.countPensionFund
14:32:31.437 [main] DEBUG net.thucydides.core.reflection.ClassFinder - Could not load class .utils.General
14:32:31.437 [main] DEBUG net.thucydides.core.reflection.ClassFinder - Could not load class META-INF.versions.9.com.sun.istack.logging.StackHelper
14:32:31.438 [main] DEBUG net.thucydides.core.reflection.ClassFinder - Could not load class META-INF.versions.9.com.sun.xml.bind.v2.runtime.reflect.opt.AccessorInjector
14:32:31.438 [main] DEBUG net.thucydides.core.reflection.ClassFinder - Could not load class META-INF.versions.9.com.sun.xml.bind.v2.runtime.reflect.opt.Injector
14:32:31.438 [main] DEBUG net.thucydides.core.reflection.ClassFinder - Could not load class META-INF.versions.9.com.sun.xml.bind.v2.runtime.reflect.opt.OptimizedAccessorFactory
14:32:31.438 [main] DEBUG net.thucydides.core.reflection.ClassFinder - Could not load class META-INF.versions.9.com.sun.xml.bind.v2.runtime.reflect.opt.OptimizedTransducedAccessorFactory
14:32:31.439 [main] DEBUG net.thucydides.core.reflection.ClassFinder - Could not load class META-INF.versions.9.io.opentelemetry.sdk.internal.CurrentJavaVersionSpecific
14:32:31.439 [main] DEBUG net.thucydides.core.reflection.ClassFinder - Could not load class META-INF.versions.9.io.opentelemetry.sdk.internal.Java9VersionSpecific
14:32:31.439 [main] DEBUG net.thucydides.core.reflection.ClassFinder - Could not load class META-INF.versions.9.javax.xml.bind.ModuleUtil
14:32:31.439 [main] DEBUG net.thucydides.core.reflection.ClassFinder - Could not load class META-INF.versions.9.module-info
14:32:31.440 [main] DEBUG net.thucydides.core.reflection.ClassFinder - Could not load class META-INF.versions.9.org.junit.platform.commons.util.ModuleUtils
14:32:31.442 [main] DEBUG net.thucydides.core.reflection.ClassFinder - Could not load class com.google.gson.internal.
14:32:31.443 [main] DEBUG net.thucydides.core.reflection.ClassFinder - Could not load class com.sun.xml.bind.v2.runtime.output.FastInfosetStreamWriterOutput
14:32:31.446 [main] DEBUG net.thucydides.core.reflection.ClassFinder - Could not load class module-info
14:32:31.465 [Forwarding get on session 5bf681029cefe38be3c56c6c2a887ff7 to remote] DEBUG org.asynchttpclient.netty.request.NettyRequestSender - Using pooled Channel '[id: 0xf4548267, L:/127.0.0.1:60079 - R:localhost/127.0.0.1:61616]' for 'POST' to 'http://localhost:61616/session/5bf681029cefe38be3c56c6c2a887ff7/url'
14:32:31.465 [Forwarding get on session 5bf681029cefe38be3c56c6c2a887ff7 to remote] DEBUG org.asynchttpclient.netty.request.NettyRequestSender - Using open Channel [id: 0xf4548267, L:/127.0.0.1:60079 - R:localhost/127.0.0.1:61616] for POST '/session/5bf681029cefe38be3c56c6c2a887ff7/url'
14:32:31.938 [AsyncHttpClient-1-1] DEBUG org.asynchttpclient.netty.channel.DefaultChannelPool - Entry count for : http://localhost:60080 : 1
14:32:33.039 [AsyncHttpClient-1-1] DEBUG org.asynchttpclient.netty.channel.DefaultChannelPool - Entry count for : http://localhost:60080 : 1
14:32:34.139 [AsyncHttpClient-1-1] DEBUG org.asynchttpclient.netty.channel.DefaultChannelPool - Entry count for : http://localhost:60080 : 1
14:32:35.239 [AsyncHttpClient-1-1] DEBUG org.asynchttpclient.netty.channel.DefaultChannelPool - Entry count for : http://localhost:60080 : 1
14:32:36.338 [AsyncHttpClient-1-1] DEBUG org.asynchttpclient.netty.channel.DefaultChannelPool - Entry count for : http://localhost:60080 : 1
14:32:37.438 [AsyncHttpClient-1-1] DEBUG org.asynchttpclient.netty.channel.DefaultChannelPool - Entry count for : http://localhost:60080 : 1
14:32:38.538 [AsyncHttpClient-1-1] DEBUG org.asynchttpclient.netty.channel.DefaultChannelPool - Entry count for : http://localhost:60080 : 1
14:32:39.639 [AsyncHttpClient-1-1] DEBUG org.asynchttpclient.netty.channel.DefaultChannelPool - Entry count for : http://localhost:60080 : 1
14:32:40.739 [AsyncHttpClient-1-1] DEBUG org.asynchttpclient.netty.channel.DefaultChannelPool - Entry count for : http://localhost:60080 : 1
14:32:41.839 [AsyncHttpClient-1-1] DEBUG org.asynchttpclient.netty.channel.DefaultChannelPool - Entry count for : http://localhost:60080 : 1
14:32:42.938 [AsyncHttpClient-1-1] DEBUG org.asynchttpclient.netty.channel.DefaultChannelPool - Entry count for : http://localhost:60080 : 1
14:32:44.040 [AsyncHttpClient-1-1] DEBUG org.asynchttpclient.netty.channel.DefaultChannelPool - Entry count for : http://localhost:60080 : 1
14:32:45.140 [AsyncHttpClient-1-1] DEBUG org.asynchttpclient.netty.channel.DefaultChannelPool - Entry count for : http://localhost:60080 : 1
14:32:46.240 [AsyncHttpClient-1-1] DEBUG org.asynchttpclient.netty.channel.DefaultChannelPool - Entry count for : http://localhost:60080 : 1
14:32:47.339 [AsyncHttpClient-1-1] DEBUG org.asynchttpclient.netty.channel.DefaultChannelPool - Entry count for : http://localhost:60080 : 1
14:32:48.440 [AsyncHttpClient-1-1] DEBUG org.asynchttpclient.netty.channel.DefaultChannelPool - Entry count for : http://localhost:60080 : 1
14:32:49.538 [AsyncHttpClient-1-1] DEBUG org.asynchttpclient.netty.channel.DefaultChannelPool - Entry count for : http://localhost:60080 : 1
14:32:50.639 [AsyncHttpClient-1-1] DEBUG org.asynchttpclient.netty.channel.DefaultChannelPool - Entry count for : http://localhost:60080 : 1
14:32:51.740 [AsyncHttpClient-1-1] DEBUG org.asynchttpclient.netty.channel.DefaultChannelPool - Entry count for : http://localhost:60080 : 1
14:32:52.839 [AsyncHttpClient-1-1] DEBUG org.asynchttpclient.netty.channel.DefaultChannelPool - Entry count for : http://localhost:60080 : 1
14:32:53.938 [AsyncHttpClient-1-1] DEBUG org.asynchttpclient.netty.channel.DefaultChannelPool - Entry count for : http://localhost:60080 : 1
14:32:55.038 [AsyncHttpClient-1-1] DEBUG org.asynchttpclient.netty.channel.DefaultChannelPool - Entry count for : http://localhost:60080 : 1
14:32:56.133 [AsyncHttpClient-1-2] DEBUG org.asynchttpclient.netty.handler.HttpHandler - 

Request DefaultHttpRequest(decodeResult: success, version: HTTP/1.1)
POST /session/5bf681029cefe38be3c56c6c2a887ff7/url HTTP/1.1
User-Agent: selenium/4.1.2 (java windows)
Content-Length: 51
Content-Type: application/json; charset=utf-8
host: localhost:61616
accept: */*

Response DefaultHttpResponse(decodeResult: success, version: HTTP/1.1)
HTTP/1.1 200 OK
Content-Type: application/json; charset=utf-8
cache-control: no-cache
content-length: 14

14:32:56.133 [AsyncHttpClient-1-2] DEBUG org.asynchttpclient.netty.channel.ChannelManager - Adding key: http://localhost:61616 for channel [id: 0xf4548267, L:/127.0.0.1:60079 - R:localhost/127.0.0.1:61616]
14:32:56.138 [AsyncHttpClient-1-1] DEBUG org.asynchttpclient.netty.channel.DefaultChannelPool - Entry count for : http://localhost:61616 : 1
14:32:56.138 [AsyncHttpClient-1-1] DEBUG org.asynchttpclient.netty.channel.DefaultChannelPool - Entry count for : http://localhost:60080 : 1
14:32:56.138 [Forwarding setTimeout on session 5bf681029cefe38be3c56c6c2a887ff7 to remote] DEBUG org.asynchttpclient.netty.request.NettyRequestSender - Using pooled Channel '[id: 0xf4548267, L:/127.0.0.1:60079 - R:localhost/127.0.0.1:61616]' for 'POST' to 'http://localhost:61616/session/5bf681029cefe38be3c56c6c2a887ff7/timeouts'
14:32:56.138 [Forwarding setTimeout on session 5bf681029cefe38be3c56c6c2a887ff7 to remote] DEBUG org.asynchttpclient.netty.request.NettyRequestSender - Using open Channel [id: 0xf4548267, L:/127.0.0.1:60079 - R:localhost/127.0.0.1:61616] for POST '/session/5bf681029cefe38be3c56c6c2a887ff7/timeouts'
14:32:56.139 [AsyncHttpClient-1-2] DEBUG org.asynchttpclient.netty.handler.HttpHandler - 

Request DefaultHttpRequest(decodeResult: success, version: HTTP/1.1)
POST /session/5bf681029cefe38be3c56c6c2a887ff7/timeouts HTTP/1.1
User-Agent: selenium/4.1.2 (java windows)
Content-Length: 22
Content-Type: application/json; charset=utf-8
host: localhost:61616
accept: */*

Response DefaultHttpResponse(decodeResult: success, version: HTTP/1.1)
HTTP/1.1 200 OK
Content-Type: application/json; charset=utf-8
cache-control: no-cache
content-length: 14

14:32:56.140 [AsyncHttpClient-1-2] DEBUG org.asynchttpclient.netty.channel.ChannelManager - Adding key: http://localhost:61616 for channel [id: 0xf4548267, L:/127.0.0.1:60079 - R:localhost/127.0.0.1:61616]
14:32:56.145 [Forwarding getCurrentUrl on session 5bf681029cefe38be3c56c6c2a887ff7 to remote] DEBUG org.asynchttpclient.netty.request.NettyRequestSender - Using pooled Channel '[id: 0xf4548267, L:/127.0.0.1:60079 - R:localhost/127.0.0.1:61616]' for 'GET' to 'http://localhost:61616/session/5bf681029cefe38be3c56c6c2a887ff7/url'
14:32:56.145 [Forwarding getCurrentUrl on session 5bf681029cefe38be3c56c6c2a887ff7 to remote] DEBUG org.asynchttpclient.netty.request.NettyRequestSender - Using open Channel [id: 0xf4548267, L:/127.0.0.1:60079 - R:localhost/127.0.0.1:61616] for GET '/session/5bf681029cefe38be3c56c6c2a887ff7/url'
14:32:56.167 [AsyncHttpClient-1-2] DEBUG org.asynchttpclient.netty.handler.HttpHandler - 

Request DefaultFullHttpRequest(decodeResult: success, version: HTTP/1.1, content: EmptyByteBufBE)
GET /session/5bf681029cefe38be3c56c6c2a887ff7/url HTTP/1.1
User-Agent: selenium/4.1.2 (java windows)
Cache-Control: no-cache
Content-Type: application/json; charset=utf-8
host: localhost:61616
accept: */*

Response DefaultHttpResponse(decodeResult: success, version: HTTP/1.1)
HTTP/1.1 200 OK
Content-Type: application/json; charset=utf-8
cache-control: no-cache
content-length: 33

14:32:56.168 [AsyncHttpClient-1-2] DEBUG org.asynchttpclient.netty.channel.ChannelManager - Adding key: http://localhost:61616 for channel [id: 0xf4548267, L:/127.0.0.1:60079 - R:localhost/127.0.0.1:61616]
14:32:56.184 [Forwarding findElement on session 5bf681029cefe38be3c56c6c2a887ff7 to remote] DEBUG org.asynchttpclient.netty.request.NettyRequestSender - Using pooled Channel '[id: 0xf4548267, L:/127.0.0.1:60079 - R:localhost/127.0.0.1:61616]' for 'POST' to 'http://localhost:61616/session/5bf681029cefe38be3c56c6c2a887ff7/element'
14:32:56.184 [Forwarding findElement on session 5bf681029cefe38be3c56c6c2a887ff7 to remote] DEBUG org.asynchttpclient.netty.request.NettyRequestSender - Using open Channel [id: 0xf4548267, L:/127.0.0.1:60079 - R:localhost/127.0.0.1:61616] for POST '/session/5bf681029cefe38be3c56c6c2a887ff7/element'
14:32:56.200 [AsyncHttpClient-1-2] DEBUG org.asynchttpclient.netty.handler.HttpHandler - 

Request DefaultHttpRequest(decodeResult: success, version: HTTP/1.1)
POST /session/5bf681029cefe38be3c56c6c2a887ff7/element HTTP/1.1
User-Agent: selenium/4.1.2 (java windows)
Content-Length: 139
Content-Type: application/json; charset=utf-8
host: localhost:61616
accept: */*

Response DefaultHttpResponse(decodeResult: success, version: HTTP/1.1)
HTTP/1.1 200 OK
Content-Type: application/json; charset=utf-8
cache-control: no-cache
content-length: 88

14:32:56.200 [AsyncHttpClient-1-2] DEBUG org.asynchttpclient.netty.channel.ChannelManager - Adding key: http://localhost:61616 for channel [id: 0xf4548267, L:/127.0.0.1:60079 - R:localhost/127.0.0.1:61616]
14:32:56.204 [Forwarding getElementTagName on session 5bf681029cefe38be3c56c6c2a887ff7 to remote] DEBUG org.asynchttpclient.netty.request.NettyRequestSender - Using pooled Channel '[id: 0xf4548267, L:/127.0.0.1:60079 - R:localhost/127.0.0.1:61616]' for 'GET' to 'http://localhost:61616/session/5bf681029cefe38be3c56c6c2a887ff7/element/0ead7153-4f64-4fcc-a2b0-221e4ee0fc46/name'
14:32:56.205 [Forwarding getElementTagName on session 5bf681029cefe38be3c56c6c2a887ff7 to remote] DEBUG org.asynchttpclient.netty.request.NettyRequestSender - Using open Channel [id: 0xf4548267, L:/127.0.0.1:60079 - R:localhost/127.0.0.1:61616] for GET '/session/5bf681029cefe38be3c56c6c2a887ff7/element/0ead7153-4f64-4fcc-a2b0-221e4ee0fc46/name'
14:32:56.210 [AsyncHttpClient-1-2] DEBUG org.asynchttpclient.netty.handler.HttpHandler - 

Request DefaultFullHttpRequest(decodeResult: success, version: HTTP/1.1, content: EmptyByteBufBE)
GET /session/5bf681029cefe38be3c56c6c2a887ff7/element/0ead7153-4f64-4fcc-a2b0-221e4ee0fc46/name HTTP/1.1
User-Agent: selenium/4.1.2 (java windows)
Cache-Control: no-cache
Content-Type: application/json; charset=utf-8
host: localhost:61616
accept: */*

Response DefaultHttpResponse(decodeResult: success, version: HTTP/1.1)
HTTP/1.1 200 OK
Content-Type: application/json; charset=utf-8
cache-control: no-cache
content-length: 13

14:32:56.210 [AsyncHttpClient-1-2] DEBUG org.asynchttpclient.netty.channel.ChannelManager - Adding key: http://localhost:61616 for channel [id: 0xf4548267, L:/127.0.0.1:60079 - R:localhost/127.0.0.1:61616]
14:32:56.214 [Forwarding getElementTagName on session 5bf681029cefe38be3c56c6c2a887ff7 to remote] DEBUG org.asynchttpclient.netty.request.NettyRequestSender - Using pooled Channel '[id: 0xf4548267, L:/127.0.0.1:60079 - R:localhost/127.0.0.1:61616]' for 'GET' to 'http://localhost:61616/session/5bf681029cefe38be3c56c6c2a887ff7/element/0ead7153-4f64-4fcc-a2b0-221e4ee0fc46/name'
14:32:56.214 [Forwarding getElementTagName on session 5bf681029cefe38be3c56c6c2a887ff7 to remote] DEBUG org.asynchttpclient.netty.request.NettyRequestSender - Using open Channel [id: 0xf4548267, L:/127.0.0.1:60079 - R:localhost/127.0.0.1:61616] for GET '/session/5bf681029cefe38be3c56c6c2a887ff7/element/0ead7153-4f64-4fcc-a2b0-221e4ee0fc46/name'
14:32:56.219 [AsyncHttpClient-1-2] DEBUG org.asynchttpclient.netty.handler.HttpHandler - 

Request DefaultFullHttpRequest(decodeResult: success, version: HTTP/1.1, content: EmptyByteBufBE)
GET /session/5bf681029cefe38be3c56c6c2a887ff7/element/0ead7153-4f64-4fcc-a2b0-221e4ee0fc46/name HTTP/1.1
User-Agent: selenium/4.1.2 (java windows)
Cache-Control: no-cache
Content-Type: application/json; charset=utf-8
host: localhost:61616
accept: */*

Response DefaultHttpResponse(decodeResult: success, version: HTTP/1.1)
HTTP/1.1 200 OK
Content-Type: application/json; charset=utf-8
cache-control: no-cache
content-length: 13

14:32:56.220 [AsyncHttpClient-1-2] DEBUG org.asynchttpclient.netty.channel.ChannelManager - Adding key: http://localhost:61616 for channel [id: 0xf4548267, L:/127.0.0.1:60079 - R:localhost/127.0.0.1:61616]
14:32:56.223 [Forwarding findElement on session 5bf681029cefe38be3c56c6c2a887ff7 to remote] DEBUG org.asynchttpclient.netty.request.NettyRequestSender - Using pooled Channel '[id: 0xf4548267, L:/127.0.0.1:60079 - R:localhost/127.0.0.1:61616]' for 'POST' to 'http://localhost:61616/session/5bf681029cefe38be3c56c6c2a887ff7/element'
14:32:56.224 [Forwarding findElement on session 5bf681029cefe38be3c56c6c2a887ff7 to remote] DEBUG org.asynchttpclient.netty.request.NettyRequestSender - Using open Channel [id: 0xf4548267, L:/127.0.0.1:60079 - R:localhost/127.0.0.1:61616] for POST '/session/5bf681029cefe38be3c56c6c2a887ff7/element'
14:32:56.232 [AsyncHttpClient-1-2] DEBUG org.asynchttpclient.netty.handler.HttpHandler - 

Request DefaultHttpRequest(decodeResult: success, version: HTTP/1.1)
POST /session/5bf681029cefe38be3c56c6c2a887ff7/element HTTP/1.1
User-Agent: selenium/4.1.2 (java windows)
Content-Length: 139
Content-Type: application/json; charset=utf-8
host: localhost:61616
accept: */*

Response DefaultHttpResponse(decodeResult: success, version: HTTP/1.1)
HTTP/1.1 200 OK
Content-Type: application/json; charset=utf-8
cache-control: no-cache
content-length: 88

14:32:56.233 [AsyncHttpClient-1-2] DEBUG org.asynchttpclient.netty.channel.ChannelManager - Adding key: http://localhost:61616 for channel [id: 0xf4548267, L:/127.0.0.1:60079 - R:localhost/127.0.0.1:61616]
14:32:56.235 [Forwarding clickElement on session 5bf681029cefe38be3c56c6c2a887ff7 to remote] DEBUG org.asynchttpclient.netty.request.NettyRequestSender - Using pooled Channel '[id: 0xf4548267, L:/127.0.0.1:60079 - R:localhost/127.0.0.1:61616]' for 'POST' to 'http://localhost:61616/session/5bf681029cefe38be3c56c6c2a887ff7/element/0ead7153-4f64-4fcc-a2b0-221e4ee0fc46/click'
14:32:56.235 [Forwarding clickElement on session 5bf681029cefe38be3c56c6c2a887ff7 to remote] DEBUG org.asynchttpclient.netty.request.NettyRequestSender - Using open Channel [id: 0xf4548267, L:/127.0.0.1:60079 - R:localhost/127.0.0.1:61616] for POST '/session/5bf681029cefe38be3c56c6c2a887ff7/element/0ead7153-4f64-4fcc-a2b0-221e4ee0fc46/click'
14:32:56.517 [AsyncHttpClient-1-2] DEBUG org.asynchttpclient.netty.handler.HttpHandler - 

Request DefaultHttpRequest(decodeResult: success, version: HTTP/1.1)
POST /session/5bf681029cefe38be3c56c6c2a887ff7/element/0ead7153-4f64-4fcc-a2b0-221e4ee0fc46/click HTTP/1.1
User-Agent: selenium/4.1.2 (java windows)
Content-Length: 50
Content-Type: application/json; charset=utf-8
host: localhost:61616
accept: */*

Response DefaultHttpResponse(decodeResult: success, version: HTTP/1.1)
HTTP/1.1 200 OK
Content-Type: application/json; charset=utf-8
cache-control: no-cache
content-length: 14

14:32:56.518 [AsyncHttpClient-1-2] DEBUG org.asynchttpclient.netty.channel.ChannelManager - Adding key: http://localhost:61616 for channel [id: 0xf4548267, L:/127.0.0.1:60079 - R:localhost/127.0.0.1:61616]
14:32:56.534 [Forwarding findElement on session 5bf681029cefe38be3c56c6c2a887ff7 to remote] DEBUG org.asynchttpclient.netty.request.NettyRequestSender - Using pooled Channel '[id: 0xf4548267, L:/127.0.0.1:60079 - R:localhost/127.0.0.1:61616]' for 'POST' to 'http://localhost:61616/session/5bf681029cefe38be3c56c6c2a887ff7/element'
14:32:56.534 [Forwarding findElement on session 5bf681029cefe38be3c56c6c2a887ff7 to remote] DEBUG org.asynchttpclient.netty.request.NettyRequestSender - Using open Channel [id: 0xf4548267, L:/127.0.0.1:60079 - R:localhost/127.0.0.1:61616] for POST '/session/5bf681029cefe38be3c56c6c2a887ff7/element'
14:32:56.552 [AsyncHttpClient-1-2] DEBUG org.asynchttpclient.netty.handler.HttpHandler - 

Request DefaultHttpRequest(decodeResult: success, version: HTTP/1.1)
POST /session/5bf681029cefe38be3c56c6c2a887ff7/element HTTP/1.1
User-Agent: selenium/4.1.2 (java windows)
Content-Length: 124
Content-Type: application/json; charset=utf-8
host: localhost:61616
accept: */*

Response DefaultHttpResponse(decodeResult: success, version: HTTP/1.1)
HTTP/1.1 200 OK
Content-Type: application/json; charset=utf-8
cache-control: no-cache
content-length: 88

14:32:56.553 [AsyncHttpClient-1-2] DEBUG org.asynchttpclient.netty.channel.ChannelManager - Adding key: http://localhost:61616 for channel [id: 0xf4548267, L:/127.0.0.1:60079 - R:localhost/127.0.0.1:61616]
14:32:56.557 [Forwarding getElementTagName on session 5bf681029cefe38be3c56c6c2a887ff7 to remote] DEBUG org.asynchttpclient.netty.request.NettyRequestSender - Using pooled Channel '[id: 0xf4548267, L:/127.0.0.1:60079 - R:localhost/127.0.0.1:61616]' for 'GET' to 'http://localhost:61616/session/5bf681029cefe38be3c56c6c2a887ff7/element/4b91a433-2f74-4099-aa92-7a58169a1ff5/name'
14:32:56.557 [Forwarding getElementTagName on session 5bf681029cefe38be3c56c6c2a887ff7 to remote] DEBUG org.asynchttpclient.netty.request.NettyRequestSender - Using open Channel [id: 0xf4548267, L:/127.0.0.1:60079 - R:localhost/127.0.0.1:61616] for GET '/session/5bf681029cefe38be3c56c6c2a887ff7/element/4b91a433-2f74-4099-aa92-7a58169a1ff5/name'
14:32:56.563 [AsyncHttpClient-1-2] DEBUG org.asynchttpclient.netty.handler.HttpHandler - 

Request DefaultFullHttpRequest(decodeResult: success, version: HTTP/1.1, content: EmptyByteBufBE)
GET /session/5bf681029cefe38be3c56c6c2a887ff7/element/4b91a433-2f74-4099-aa92-7a58169a1ff5/name HTTP/1.1
User-Agent: selenium/4.1.2 (java windows)
Cache-Control: no-cache
Content-Type: application/json; charset=utf-8
host: localhost:61616
accept: */*

Response DefaultHttpResponse(decodeResult: success, version: HTTP/1.1)
HTTP/1.1 200 OK
Content-Type: application/json; charset=utf-8
cache-control: no-cache
content-length: 13

14:32:56.563 [AsyncHttpClient-1-2] DEBUG org.asynchttpclient.netty.channel.ChannelManager - Adding key: http://localhost:61616 for channel [id: 0xf4548267, L:/127.0.0.1:60079 - R:localhost/127.0.0.1:61616]
14:32:56.567 [Forwarding getElementTagName on session 5bf681029cefe38be3c56c6c2a887ff7 to remote] DEBUG org.asynchttpclient.netty.request.NettyRequestSender - Using pooled Channel '[id: 0xf4548267, L:/127.0.0.1:60079 - R:localhost/127.0.0.1:61616]' for 'GET' to 'http://localhost:61616/session/5bf681029cefe38be3c56c6c2a887ff7/element/4b91a433-2f74-4099-aa92-7a58169a1ff5/name'
14:32:56.567 [Forwarding getElementTagName on session 5bf681029cefe38be3c56c6c2a887ff7 to remote] DEBUG org.asynchttpclient.netty.request.NettyRequestSender - Using open Channel [id: 0xf4548267, L:/127.0.0.1:60079 - R:localhost/127.0.0.1:61616] for GET '/session/5bf681029cefe38be3c56c6c2a887ff7/element/4b91a433-2f74-4099-aa92-7a58169a1ff5/name'
14:32:56.572 [AsyncHttpClient-1-2] DEBUG org.asynchttpclient.netty.handler.HttpHandler - 

Request DefaultFullHttpRequest(decodeResult: success, version: HTTP/1.1, content: EmptyByteBufBE)
GET /session/5bf681029cefe38be3c56c6c2a887ff7/element/4b91a433-2f74-4099-aa92-7a58169a1ff5/name HTTP/1.1
User-Agent: selenium/4.1.2 (java windows)
Cache-Control: no-cache
Content-Type: application/json; charset=utf-8
host: localhost:61616
accept: */*

Response DefaultHttpResponse(decodeResult: success, version: HTTP/1.1)
HTTP/1.1 200 OK
Content-Type: application/json; charset=utf-8
cache-control: no-cache
content-length: 13

14:32:56.572 [AsyncHttpClient-1-2] DEBUG org.asynchttpclient.netty.channel.ChannelManager - Adding key: http://localhost:61616 for channel [id: 0xf4548267, L:/127.0.0.1:60079 - R:localhost/127.0.0.1:61616]
14:32:56.576 [Forwarding findElement on session 5bf681029cefe38be3c56c6c2a887ff7 to remote] DEBUG org.asynchttpclient.netty.request.NettyRequestSender - Using pooled Channel '[id: 0xf4548267, L:/127.0.0.1:60079 - R:localhost/127.0.0.1:61616]' for 'POST' to 'http://localhost:61616/session/5bf681029cefe38be3c56c6c2a887ff7/element'
14:32:56.576 [Forwarding findElement on session 5bf681029cefe38be3c56c6c2a887ff7 to remote] DEBUG org.asynchttpclient.netty.request.NettyRequestSender - Using open Channel [id: 0xf4548267, L:/127.0.0.1:60079 - R:localhost/127.0.0.1:61616] for POST '/session/5bf681029cefe38be3c56c6c2a887ff7/element'
14:32:56.586 [AsyncHttpClient-1-2] DEBUG org.asynchttpclient.netty.handler.HttpHandler - 

Request DefaultHttpRequest(decodeResult: success, version: HTTP/1.1)
POST /session/5bf681029cefe38be3c56c6c2a887ff7/element HTTP/1.1
User-Agent: selenium/4.1.2 (java windows)
Content-Length: 124
Content-Type: application/json; charset=utf-8
host: localhost:61616
accept: */*

Response DefaultHttpResponse(decodeResult: success, version: HTTP/1.1)
HTTP/1.1 200 OK
Content-Type: application/json; charset=utf-8
cache-control: no-cache
content-length: 88

14:32:56.587 [AsyncHttpClient-1-2] DEBUG org.asynchttpclient.netty.channel.ChannelManager - Adding key: http://localhost:61616 for channel [id: 0xf4548267, L:/127.0.0.1:60079 - R:localhost/127.0.0.1:61616]
14:32:56.591 [Forwarding clickElement on session 5bf681029cefe38be3c56c6c2a887ff7 to remote] DEBUG org.asynchttpclient.netty.request.NettyRequestSender - Using pooled Channel '[id: 0xf4548267, L:/127.0.0.1:60079 - R:localhost/127.0.0.1:61616]' for 'POST' to 'http://localhost:61616/session/5bf681029cefe38be3c56c6c2a887ff7/element/4b91a433-2f74-4099-aa92-7a58169a1ff5/click'
14:32:56.591 [Forwarding clickElement on session 5bf681029cefe38be3c56c6c2a887ff7 to remote] DEBUG org.asynchttpclient.netty.request.NettyRequestSender - Using open Channel [id: 0xf4548267, L:/127.0.0.1:60079 - R:localhost/127.0.0.1:61616] for POST '/session/5bf681029cefe38be3c56c6c2a887ff7/element/4b91a433-2f74-4099-aa92-7a58169a1ff5/click'
14:32:57.239 [AsyncHttpClient-1-1] DEBUG org.asynchttpclient.netty.channel.DefaultChannelPool - Entry count for : http://localhost:60080 : 1
14:32:58.338 [AsyncHttpClient-1-1] DEBUG org.asynchttpclient.netty.channel.DefaultChannelPool - Entry count for : http://localhost:60080 : 1
14:32:59.441 [AsyncHttpClient-1-1] DEBUG org.asynchttpclient.netty.channel.DefaultChannelPool - Entry count for : http://localhost:60080 : 1
14:33:00.539 [AsyncHttpClient-1-1] DEBUG org.asynchttpclient.netty.channel.DefaultChannelPool - Entry count for : http://localhost:60080 : 1
14:33:01.167 [AsyncHttpClient-1-2] DEBUG org.asynchttpclient.netty.handler.HttpHandler - 

Request DefaultHttpRequest(decodeResult: success, version: HTTP/1.1)
POST /session/5bf681029cefe38be3c56c6c2a887ff7/element/4b91a433-2f74-4099-aa92-7a58169a1ff5/click HTTP/1.1
User-Agent: selenium/4.1.2 (java windows)
Content-Length: 50
Content-Type: application/json; charset=utf-8
host: localhost:61616
accept: */*

Response DefaultHttpResponse(decodeResult: success, version: HTTP/1.1)
HTTP/1.1 200 OK
Content-Type: application/json; charset=utf-8
cache-control: no-cache
content-length: 14

14:33:01.168 [AsyncHttpClient-1-2] DEBUG org.asynchttpclient.netty.channel.ChannelManager - Adding key: http://localhost:61616 for channel [id: 0xf4548267, L:/127.0.0.1:60079 - R:localhost/127.0.0.1:61616]
  &amp#27;[32mGiven &amp#27;[0m&amp#27;[32mI am on homepage&amp#27;[0m                                                       &amp#27;[90m# starter.stepdefinitions.countPensionFund.iAmOnHomepage()&amp#27;[0m
14:33:01.198 [main] DEBUG net.serenitybdd.core.photography.Darkroom - Opening darkroom
14:33:01.202 [Forwarding screenshot on session 5bf681029cefe38be3c56c6c2a887ff7 to remote] DEBUG org.asynchttpclient.netty.request.NettyRequestSender - Using pooled Channel '[id: 0xf4548267, L:/127.0.0.1:60079 - R:localhost/127.0.0.1:61616]' for 'GET' to 'http://localhost:61616/session/5bf681029cefe38be3c56c6c2a887ff7/screenshot'
14:33:01.202 [Darkroom Processing Line] DEBUG net.serenitybdd.core.photography.DarkroomProcessingLine - Darkroom processing line starting up
14:33:01.203 [Forwarding screenshot on session 5bf681029cefe38be3c56c6c2a887ff7 to remote] DEBUG org.asynchttpclient.netty.request.NettyRequestSender - Using open Channel [id: 0xf4548267, L:/127.0.0.1:60079 - R:localhost/127.0.0.1:61616] for GET '/session/5bf681029cefe38be3c56c6c2a887ff7/screenshot'
14:33:01.639 [AsyncHttpClient-1-1] DEBUG org.asynchttpclient.netty.channel.DefaultChannelPool - Entry count for : http://localhost:60080 : 1
14:33:02.032 [AsyncHttpClient-1-2] DEBUG org.asynchttpclient.netty.handler.HttpHandler - 

Request DefaultFullHttpRequest(decodeResult: success, version: HTTP/1.1, content: EmptyByteBufBE)
GET /session/5bf681029cefe38be3c56c6c2a887ff7/screenshot HTTP/1.1
User-Agent: selenium/4.1.2 (java windows)
Cache-Control: no-cache
Content-Type: application/json; charset=utf-8
host: localhost:61616
accept: */*

Response DefaultHttpResponse(decodeResult: success, version: HTTP/1.1)
HTTP/1.1 200 OK
Content-Type: application/json; charset=utf-8
cache-control: no-cache
content-length: 545240

14:33:02.043 [AsyncHttpClient-1-2] DEBUG org.asynchttpclient.netty.channel.ChannelManager - Adding key: http://localhost:61616 for channel [id: 0xf4548267, L:/127.0.0.1:60079 - R:localhost/127.0.0.1:61616]
14:33:02.229 [main] DEBUG net.serenitybdd.core.photography.Darkroom - Send negative for processing for target\site\serenity\b48bfe3321f52ec68664106c979366b10b188d0cbc63debf681f5cfeb8f10fb1.png
14:33:02.230 [Darkroom Processing Line] DEBUG net.serenitybdd.core.photography.DarkroomProcessingLine - Processing screenshot image in /var/screenshots/screenshot-133372944414055072
14:33:02.231 [Darkroom Processing Line] DEBUG net.serenitybdd.core.photography.DarkroomProcessingLine - Saving screenshot to target\site\serenity\b48bfe3321f52ec68664106c979366b10b188d0cbc63debf681f5cfeb8f10fb1.png
14:33:02.304 [Forwarding findElement on session 5bf681029cefe38be3c56c6c2a887ff7 to remote] DEBUG org.asynchttpclient.netty.request.NettyRequestSender - Using pooled Channel '[id: 0xf4548267, L:/127.0.0.1:60079 - R:localhost/127.0.0.1:61616]' for 'POST' to 'http://localhost:61616/session/5bf681029cefe38be3c56c6c2a887ff7/element'
14:33:02.305 [Forwarding findElement on session 5bf681029cefe38be3c56c6c2a887ff7 to remote] DEBUG org.asynchttpclient.netty.request.NettyRequestSender - Using open Channel [id: 0xf4548267, L:/127.0.0.1:60079 - R:localhost/127.0.0.1:61616] for POST '/session/5bf681029cefe38be3c56c6c2a887ff7/element'
14:33:02.333 [AsyncHttpClient-1-2] DEBUG org.asynchttpclient.netty.handler.HttpHandler - 

Request DefaultHttpRequest(decodeResult: success, version: HTTP/1.1)
POST /session/5bf681029cefe38be3c56c6c2a887ff7/element HTTP/1.1
User-Agent: selenium/4.1.2 (java windows)
Content-Length: 53
Content-Type: application/json; charset=utf-8
host: localhost:61616
accept: */*

Response DefaultHttpResponse(decodeResult: success, version: HTTP/1.1)
HTTP/1.1 200 OK
Content-Type: application/json; charset=utf-8
cache-control: no-cache
content-length: 88

14:33:02.334 [AsyncHttpClient-1-2] DEBUG org.asynchttpclient.netty.channel.ChannelManager - Adding key: http://localhost:61616 for channel [id: 0xf4548267, L:/127.0.0.1:60079 - R:localhost/127.0.0.1:61616]
14:33:02.345 [Forwarding sendKeysToElement on session 5bf681029cefe38be3c56c6c2a887ff7 to remote] DEBUG org.asynchttpclient.netty.request.NettyRequestSender - Using pooled Channel '[id: 0xf4548267, L:/127.0.0.1:60079 - R:localhost/127.0.0.1:61616]' for 'POST' to 'http://localhost:61616/session/5bf681029cefe38be3c56c6c2a887ff7/element/5b9227f7-641c-4991-8cd4-4e54865e98bd/value'
14:33:02.345 [Forwarding sendKeysToElement on session 5bf681029cefe38be3c56c6c2a887ff7 to remote] DEBUG org.asynchttpclient.netty.request.NettyRequestSender - Using open Channel [id: 0xf4548267, L:/127.0.0.1:60079 - R:localhost/127.0.0.1:61616] for POST '/session/5bf681029cefe38be3c56c6c2a887ff7/element/5b9227f7-641c-4991-8cd4-4e54865e98bd/value'
14:33:02.437 [AsyncHttpClient-1-2] DEBUG org.asynchttpclient.netty.handler.HttpHandler - 

Request DefaultHttpRequest(decodeResult: success, version: HTTP/1.1)
POST /session/5bf681029cefe38be3c56c6c2a887ff7/element/5b9227f7-641c-4991-8cd4-4e54865e98bd/value HTTP/1.1
User-Agent: selenium/4.1.2 (java windows)
Content-Length: 95
Content-Type: application/json; charset=utf-8
host: localhost:61616
accept: */*

Response DefaultHttpResponse(decodeResult: success, version: HTTP/1.1)
HTTP/1.1 200 OK
Content-Type: application/json; charset=utf-8
cache-control: no-cache
content-length: 14

14:33:02.438 [AsyncHttpClient-1-2] DEBUG org.asynchttpclient.netty.channel.ChannelManager - Adding key: http://localhost:61616 for channel [id: 0xf4548267, L:/127.0.0.1:60079 - R:localhost/127.0.0.1:61616]
14:33:02.450 [Forwarding findElement on session 5bf681029cefe38be3c56c6c2a887ff7 to remote] DEBUG org.asynchttpclient.netty.request.NettyRequestSender - Using pooled Channel '[id: 0xf4548267, L:/127.0.0.1:60079 - R:localhost/127.0.0.1:61616]' for 'POST' to 'http://localhost:61616/session/5bf681029cefe38be3c56c6c2a887ff7/element'
14:33:02.451 [Forwarding findElement on session 5bf681029cefe38be3c56c6c2a887ff7 to remote] DEBUG org.asynchttpclient.netty.request.NettyRequestSender - Using open Channel [id: 0xf4548267, L:/127.0.0.1:60079 - R:localhost/127.0.0.1:61616] for POST '/session/5bf681029cefe38be3c56c6c2a887ff7/element'
14:33:02.524 [AsyncHttpClient-1-2] DEBUG org.asynchttpclient.netty.handler.HttpHandler - 

Request DefaultHttpRequest(decodeResult: success, version: HTTP/1.1)
POST /session/5bf681029cefe38be3c56c6c2a887ff7/element HTTP/1.1
User-Agent: selenium/4.1.2 (java windows)
Content-Length: 83
Content-Type: application/json; charset=utf-8
host: localhost:61616
accept: */*

Response DefaultHttpResponse(decodeResult: success, version: HTTP/1.1)
HTTP/1.1 200 OK
Content-Type: application/json; charset=utf-8
cache-control: no-cache
content-length: 88

14:33:02.524 [AsyncHttpClient-1-2] DEBUG org.asynchttpclient.netty.channel.ChannelManager - Adding key: http://localhost:61616 for channel [id: 0xf4548267, L:/127.0.0.1:60079 - R:localhost/127.0.0.1:61616]
14:33:02.530 [Forwarding getElementTagName on session 5bf681029cefe38be3c56c6c2a887ff7 to remote] DEBUG org.asynchttpclient.netty.request.NettyRequestSender - Using pooled Channel '[id: 0xf4548267, L:/127.0.0.1:60079 - R:localhost/127.0.0.1:61616]' for 'GET' to 'http://localhost:61616/session/5bf681029cefe38be3c56c6c2a887ff7/element/f35c4d14-8a30-473d-843b-7858cfcc20e6/name'
14:33:02.530 [Forwarding getElementTagName on session 5bf681029cefe38be3c56c6c2a887ff7 to remote] DEBUG org.asynchttpclient.netty.request.NettyRequestSender - Using open Channel [id: 0xf4548267, L:/127.0.0.1:60079 - R:localhost/127.0.0.1:61616] for GET '/session/5bf681029cefe38be3c56c6c2a887ff7/element/f35c4d14-8a30-473d-843b-7858cfcc20e6/name'
14:33:02.541 [AsyncHttpClient-1-2] DEBUG org.asynchttpclient.netty.handler.HttpHandler - 

Request DefaultFullHttpRequest(decodeResult: success, version: HTTP/1.1, content: EmptyByteBufBE)
GET /session/5bf681029cefe38be3c56c6c2a887ff7/element/f35c4d14-8a30-473d-843b-7858cfcc20e6/name HTTP/1.1
User-Agent: selenium/4.1.2 (java windows)
Cache-Control: no-cache
Content-Type: application/json; charset=utf-8
host: localhost:61616
accept: */*

Response DefaultHttpResponse(decodeResult: success, version: HTTP/1.1)
HTTP/1.1 200 OK
Content-Type: application/json; charset=utf-8
cache-control: no-cache
content-length: 16

14:33:02.542 [AsyncHttpClient-1-2] DEBUG org.asynchttpclient.netty.channel.ChannelManager - Adding key: http://localhost:61616 for channel [id: 0xf4548267, L:/127.0.0.1:60079 - R:localhost/127.0.0.1:61616]
14:33:02.546 [Forwarding getElementTagName on session 5bf681029cefe38be3c56c6c2a887ff7 to remote] DEBUG org.asynchttpclient.netty.request.NettyRequestSender - Using pooled Channel '[id: 0xf4548267, L:/127.0.0.1:60079 - R:localhost/127.0.0.1:61616]' for 'GET' to 'http://localhost:61616/session/5bf681029cefe38be3c56c6c2a887ff7/element/f35c4d14-8a30-473d-843b-7858cfcc20e6/name'
14:33:02.546 [Forwarding getElementTagName on session 5bf681029cefe38be3c56c6c2a887ff7 to remote] DEBUG org.asynchttpclient.netty.request.NettyRequestSender - Using open Channel [id: 0xf4548267, L:/127.0.0.1:60079 - R:localhost/127.0.0.1:61616] for GET '/session/5bf681029cefe38be3c56c6c2a887ff7/element/f35c4d14-8a30-473d-843b-7858cfcc20e6/name'
14:33:02.553 [AsyncHttpClient-1-2] DEBUG org.asynchttpclient.netty.handler.HttpHandler - 

Request DefaultFullHttpRequest(decodeResult: success, version: HTTP/1.1, content: EmptyByteBufBE)
GET /session/5bf681029cefe38be3c56c6c2a887ff7/element/f35c4d14-8a30-473d-843b-7858cfcc20e6/name HTTP/1.1
User-Agent: selenium/4.1.2 (java windows)
Cache-Control: no-cache
Content-Type: application/json; charset=utf-8
host: localhost:61616
accept: */*

Response DefaultHttpResponse(decodeResult: success, version: HTTP/1.1)
HTTP/1.1 200 OK
Content-Type: application/json; charset=utf-8
cache-control: no-cache
content-length: 16

14:33:02.554 [AsyncHttpClient-1-2] DEBUG org.asynchttpclient.netty.channel.ChannelManager - Adding key: http://localhost:61616 for channel [id: 0xf4548267, L:/127.0.0.1:60079 - R:localhost/127.0.0.1:61616]
14:33:02.562 [Forwarding findElement on session 5bf681029cefe38be3c56c6c2a887ff7 to remote] DEBUG org.asynchttpclient.netty.request.NettyRequestSender - Using pooled Channel '[id: 0xf4548267, L:/127.0.0.1:60079 - R:localhost/127.0.0.1:61616]' for 'POST' to 'http://localhost:61616/session/5bf681029cefe38be3c56c6c2a887ff7/element'
14:33:02.562 [Forwarding findElement on session 5bf681029cefe38be3c56c6c2a887ff7 to remote] DEBUG org.asynchttpclient.netty.request.NettyRequestSender - Using open Channel [id: 0xf4548267, L:/127.0.0.1:60079 - R:localhost/127.0.0.1:61616] for POST '/session/5bf681029cefe38be3c56c6c2a887ff7/element'
14:33:02.592 [AsyncHttpClient-1-2] DEBUG org.asynchttpclient.netty.handler.HttpHandler - 

Request DefaultHttpRequest(decodeResult: success, version: HTTP/1.1)
POST /session/5bf681029cefe38be3c56c6c2a887ff7/element HTTP/1.1
User-Agent: selenium/4.1.2 (java windows)
Content-Length: 83
Content-Type: application/json; charset=utf-8
host: localhost:61616
accept: */*

Response DefaultHttpResponse(decodeResult: success, version: HTTP/1.1)
HTTP/1.1 200 OK
Content-Type: application/json; charset=utf-8
cache-control: no-cache
content-length: 88

14:33:02.592 [AsyncHttpClient-1-2] DEBUG org.asynchttpclient.netty.channel.ChannelManager - Adding key: http://localhost:61616 for channel [id: 0xf4548267, L:/127.0.0.1:60079 - R:localhost/127.0.0.1:61616]
14:33:02.598 [Forwarding clickElement on session 5bf681029cefe38be3c56c6c2a887ff7 to remote] DEBUG org.asynchttpclient.netty.request.NettyRequestSender - Using pooled Channel '[id: 0xf4548267, L:/127.0.0.1:60079 - R:localhost/127.0.0.1:61616]' for 'POST' to 'http://localhost:61616/session/5bf681029cefe38be3c56c6c2a887ff7/element/f35c4d14-8a30-473d-843b-7858cfcc20e6/click'
14:33:02.599 [Forwarding clickElement on session 5bf681029cefe38be3c56c6c2a887ff7 to remote] DEBUG org.asynchttpclient.netty.request.NettyRequestSender - Using open Channel [id: 0xf4548267, L:/127.0.0.1:60079 - R:localhost/127.0.0.1:61616] for POST '/session/5bf681029cefe38be3c56c6c2a887ff7/element/f35c4d14-8a30-473d-843b-7858cfcc20e6/click'
14:33:02.738 [AsyncHttpClient-1-1] DEBUG org.asynchttpclient.netty.channel.DefaultChannelPool - Entry count for : http://localhost:60080 : 1
14:33:02.755 [AsyncHttpClient-1-2] DEBUG org.asynchttpclient.netty.handler.HttpHandler - 

Request DefaultHttpRequest(decodeResult: success, version: HTTP/1.1)
POST /session/5bf681029cefe38be3c56c6c2a887ff7/element/f35c4d14-8a30-473d-843b-7858cfcc20e6/click HTTP/1.1
User-Agent: selenium/4.1.2 (java windows)
Content-Length: 50
Content-Type: application/json; charset=utf-8
host: localhost:61616
accept: */*

Response DefaultHttpResponse(decodeResult: success, version: HTTP/1.1)
HTTP/1.1 200 OK
Content-Type: application/json; charset=utf-8
cache-control: no-cache
content-length: 14

14:33:02.755 [AsyncHttpClient-1-2] DEBUG org.asynchttpclient.netty.channel.ChannelManager - Adding key: http://localhost:61616 for channel [id: 0xf4548267, L:/127.0.0.1:60079 - R:localhost/127.0.0.1:61616]
14:33:02.770 [Forwarding findElement on session 5bf681029cefe38be3c56c6c2a887ff7 to remote] DEBUG org.asynchttpclient.netty.request.NettyRequestSender - Using pooled Channel '[id: 0xf4548267, L:/127.0.0.1:60079 - R:localhost/127.0.0.1:61616]' for 'POST' to 'http://localhost:61616/session/5bf681029cefe38be3c56c6c2a887ff7/element'
14:33:02.770 [Forwarding findElement on session 5bf681029cefe38be3c56c6c2a887ff7 to remote] DEBUG org.asynchttpclient.netty.request.NettyRequestSender - Using open Channel [id: 0xf4548267, L:/127.0.0.1:60079 - R:localhost/127.0.0.1:61616] for POST '/session/5bf681029cefe38be3c56c6c2a887ff7/element'
14:33:02.821 [AsyncHttpClient-1-2] DEBUG org.asynchttpclient.netty.handler.HttpHandler - 

Request DefaultHttpRequest(decodeResult: success, version: HTTP/1.1)
POST /session/5bf681029cefe38be3c56c6c2a887ff7/element HTTP/1.1
User-Agent: selenium/4.1.2 (java windows)
Content-Length: 72
Content-Type: application/json; charset=utf-8
host: localhost:61616
accept: */*

Response DefaultHttpResponse(decodeResult: success, version: HTTP/1.1)
HTTP/1.1 200 OK
Content-Type: application/json; charset=utf-8
cache-control: no-cache
content-length: 88

14:33:02.822 [AsyncHttpClient-1-2] DEBUG org.asynchttpclient.netty.channel.ChannelManager - Adding key: http://localhost:61616 for channel [id: 0xf4548267, L:/127.0.0.1:60079 - R:localhost/127.0.0.1:61616]
14:33:02.829 [Forwarding getElementTagName on session 5bf681029cefe38be3c56c6c2a887ff7 to remote] DEBUG org.asynchttpclient.netty.request.NettyRequestSender - Using pooled Channel '[id: 0xf4548267, L:/127.0.0.1:60079 - R:localhost/127.0.0.1:61616]' for 'GET' to 'http://localhost:61616/session/5bf681029cefe38be3c56c6c2a887ff7/element/bb77694d-5a45-4cca-bb2b-24a90c6dd15c/name'
14:33:02.829 [Forwarding getElementTagName on session 5bf681029cefe38be3c56c6c2a887ff7 to remote] DEBUG org.asynchttpclient.netty.request.NettyRequestSender - Using open Channel [id: 0xf4548267, L:/127.0.0.1:60079 - R:localhost/127.0.0.1:61616] for GET '/session/5bf681029cefe38be3c56c6c2a887ff7/element/bb77694d-5a45-4cca-bb2b-24a90c6dd15c/name'
14:33:02.839 [AsyncHttpClient-1-2] DEBUG org.asynchttpclient.netty.handler.HttpHandler - 

Request DefaultFullHttpRequest(decodeResult: success, version: HTTP/1.1, content: EmptyByteBufBE)
GET /session/5bf681029cefe38be3c56c6c2a887ff7/element/bb77694d-5a45-4cca-bb2b-24a90c6dd15c/name HTTP/1.1
User-Agent: selenium/4.1.2 (java windows)
Cache-Control: no-cache
Content-Type: application/json; charset=utf-8
host: localhost:61616
accept: */*

Response DefaultHttpResponse(decodeResult: success, version: HTTP/1.1)
HTTP/1.1 200 OK
Content-Type: application/json; charset=utf-8
cache-control: no-cache
content-length: 16

14:33:02.839 [AsyncHttpClient-1-2] DEBUG org.asynchttpclient.netty.channel.ChannelManager - Adding key: http://localhost:61616 for channel [id: 0xf4548267, L:/127.0.0.1:60079 - R:localhost/127.0.0.1:61616]
14:33:02.845 [Forwarding getElementTagName on session 5bf681029cefe38be3c56c6c2a887ff7 to remote] DEBUG org.asynchttpclient.netty.request.NettyRequestSender - Using pooled Channel '[id: 0xf4548267, L:/127.0.0.1:60079 - R:localhost/127.0.0.1:61616]' for 'GET' to 'http://localhost:61616/session/5bf681029cefe38be3c56c6c2a887ff7/element/bb77694d-5a45-4cca-bb2b-24a90c6dd15c/name'
14:33:02.845 [Forwarding getElementTagName on session 5bf681029cefe38be3c56c6c2a887ff7 to remote] DEBUG org.asynchttpclient.netty.request.NettyRequestSender - Using open Channel [id: 0xf4548267, L:/127.0.0.1:60079 - R:localhost/127.0.0.1:61616] for GET '/session/5bf681029cefe38be3c56c6c2a887ff7/element/bb77694d-5a45-4cca-bb2b-24a90c6dd15c/name'
14:33:02.855 [AsyncHttpClient-1-2] DEBUG org.asynchttpclient.netty.handler.HttpHandler - 

Request DefaultFullHttpRequest(decodeResult: success, version: HTTP/1.1, content: EmptyByteBufBE)
GET /session/5bf681029cefe38be3c56c6c2a887ff7/element/bb77694d-5a45-4cca-bb2b-24a90c6dd15c/name HTTP/1.1
User-Agent: selenium/4.1.2 (java windows)
Cache-Control: no-cache
Content-Type: application/json; charset=utf-8
host: localhost:61616
accept: */*

Response DefaultHttpResponse(decodeResult: success, version: HTTP/1.1)
HTTP/1.1 200 OK
Content-Type: application/json; charset=utf-8
cache-control: no-cache
content-length: 16

14:33:02.856 [AsyncHttpClient-1-2] DEBUG org.asynchttpclient.netty.channel.ChannelManager - Adding key: http://localhost:61616 for channel [id: 0xf4548267, L:/127.0.0.1:60079 - R:localhost/127.0.0.1:61616]
14:33:02.864 [Forwarding findElement on session 5bf681029cefe38be3c56c6c2a887ff7 to remote] DEBUG org.asynchttpclient.netty.request.NettyRequestSender - Using pooled Channel '[id: 0xf4548267, L:/127.0.0.1:60079 - R:localhost/127.0.0.1:61616]' for 'POST' to 'http://localhost:61616/session/5bf681029cefe38be3c56c6c2a887ff7/element'
14:33:02.864 [Forwarding findElement on session 5bf681029cefe38be3c56c6c2a887ff7 to remote] DEBUG org.asynchttpclient.netty.request.NettyRequestSender - Using open Channel [id: 0xf4548267, L:/127.0.0.1:60079 - R:localhost/127.0.0.1:61616] for POST '/session/5bf681029cefe38be3c56c6c2a887ff7/element'
14:33:02.883 [AsyncHttpClient-1-2] DEBUG org.asynchttpclient.netty.handler.HttpHandler - 

Request DefaultHttpRequest(decodeResult: success, version: HTTP/1.1)
POST /session/5bf681029cefe38be3c56c6c2a887ff7/element HTTP/1.1
User-Agent: selenium/4.1.2 (java windows)
Content-Length: 72
Content-Type: application/json; charset=utf-8
host: localhost:61616
accept: */*

Response DefaultHttpResponse(decodeResult: success, version: HTTP/1.1)
HTTP/1.1 200 OK
Content-Type: application/json; charset=utf-8
cache-control: no-cache
content-length: 88

14:33:02.884 [AsyncHttpClient-1-2] DEBUG org.asynchttpclient.netty.channel.ChannelManager - Adding key: http://localhost:61616 for channel [id: 0xf4548267, L:/127.0.0.1:60079 - R:localhost/127.0.0.1:61616]
14:33:02.888 [Forwarding clickElement on session 5bf681029cefe38be3c56c6c2a887ff7 to remote] DEBUG org.asynchttpclient.netty.request.NettyRequestSender - Using pooled Channel '[id: 0xf4548267, L:/127.0.0.1:60079 - R:localhost/127.0.0.1:61616]' for 'POST' to 'http://localhost:61616/session/5bf681029cefe38be3c56c6c2a887ff7/element/bb77694d-5a45-4cca-bb2b-24a90c6dd15c/click'
14:33:02.888 [Forwarding clickElement on session 5bf681029cefe38be3c56c6c2a887ff7 to remote] DEBUG org.asynchttpclient.netty.request.NettyRequestSender - Using open Channel [id: 0xf4548267, L:/127.0.0.1:60079 - R:localhost/127.0.0.1:61616] for POST '/session/5bf681029cefe38be3c56c6c2a887ff7/element/bb77694d-5a45-4cca-bb2b-24a90c6dd15c/click'
14:33:03.008 [AsyncHttpClient-1-2] DEBUG org.asynchttpclient.netty.handler.HttpHandler - 

Request DefaultHttpRequest(decodeResult: success, version: HTTP/1.1)
POST /session/5bf681029cefe38be3c56c6c2a887ff7/element/bb77694d-5a45-4cca-bb2b-24a90c6dd15c/click HTTP/1.1
User-Agent: selenium/4.1.2 (java windows)
Content-Length: 50
Content-Type: application/json; charset=utf-8
host: localhost:61616
accept: */*

Response DefaultHttpResponse(decodeResult: success, version: HTTP/1.1)
HTTP/1.1 200 OK
Content-Type: application/json; charset=utf-8
cache-control: no-cache
content-length: 14

14:33:03.009 [AsyncHttpClient-1-2] DEBUG org.asynchttpclient.netty.channel.ChannelManager - Adding key: http://localhost:61616 for channel [id: 0xf4548267, L:/127.0.0.1:60079 - R:localhost/127.0.0.1:61616]
  &amp#27;[32mWhen &amp#27;[0m&amp#27;[32mI scroll down and choose Dana Pensiun&amp#27;[0m                                   &amp#27;[90m# starter.stepdefinitions.countPensionFund.iScrollDownAndChooseDanaPensiun()&amp#27;[0m
14:33:03.027 [Forwarding screenshot on session 5bf681029cefe38be3c56c6c2a887ff7 to remote] DEBUG org.asynchttpclient.netty.request.NettyRequestSender - Using pooled Channel '[id: 0xf4548267, L:/127.0.0.1:60079 - R:localhost/127.0.0.1:61616]' for 'GET' to 'http://localhost:61616/session/5bf681029cefe38be3c56c6c2a887ff7/screenshot'
14:33:03.027 [Forwarding screenshot on session 5bf681029cefe38be3c56c6c2a887ff7 to remote] DEBUG org.asynchttpclient.netty.request.NettyRequestSender - Using open Channel [id: 0xf4548267, L:/127.0.0.1:60079 - R:localhost/127.0.0.1:61616] for GET '/session/5bf681029cefe38be3c56c6c2a887ff7/screenshot'
14:33:03.424 [AsyncHttpClient-1-2] DEBUG org.asynchttpclient.netty.handler.HttpHandler - 

Request DefaultFullHttpRequest(decodeResult: success, version: HTTP/1.1, content: EmptyByteBufBE)
GET /session/5bf681029cefe38be3c56c6c2a887ff7/screenshot HTTP/1.1
User-Agent: selenium/4.1.2 (java windows)
Cache-Control: no-cache
Content-Type: application/json; charset=utf-8
host: localhost:61616
accept: */*

Response DefaultHttpResponse(decodeResult: success, version: HTTP/1.1)
HTTP/1.1 200 OK
Content-Type: application/json; charset=utf-8
cache-control: no-cache
content-length: 282624

14:33:03.428 [AsyncHttpClient-1-2] DEBUG org.asynchttpclient.netty.channel.ChannelManager - Adding key: http://localhost:61616 for channel [id: 0xf4548267, L:/127.0.0.1:60079 - R:localhost/127.0.0.1:61616]
14:33:03.437 [main] DEBUG net.serenitybdd.core.photography.Darkroom - Send negative for processing for target\site\serenity\34ba8b5222d291a2e2ee1bda0cd5d32e9b6c110ed0cab65b54755377e32decd1.png
14:33:03.438 [Darkroom Processing Line] DEBUG net.serenitybdd.core.photography.DarkroomProcessingLine - Processing screenshot image in /var/screenshots/screenshot-6892785758766955009
14:33:03.438 [Darkroom Processing Line] DEBUG net.serenitybdd.core.photography.DarkroomProcessingLine - Saving screenshot to target\site\serenity\34ba8b5222d291a2e2ee1bda0cd5d32e9b6c110ed0cab65b54755377e32decd1.png
14:33:03.449 [Forwarding findElement on session 5bf681029cefe38be3c56c6c2a887ff7 to remote] DEBUG org.asynchttpclient.netty.request.NettyRequestSender - Using pooled Channel '[id: 0xf4548267, L:/127.0.0.1:60079 - R:localhost/127.0.0.1:61616]' for 'POST' to 'http://localhost:61616/session/5bf681029cefe38be3c56c6c2a887ff7/element'
14:33:03.449 [Forwarding findElement on session 5bf681029cefe38be3c56c6c2a887ff7 to remote] DEBUG org.asynchttpclient.netty.request.NettyRequestSender - Using open Channel [id: 0xf4548267, L:/127.0.0.1:60079 - R:localhost/127.0.0.1:61616] for POST '/session/5bf681029cefe38be3c56c6c2a887ff7/element'
14:33:03.462 [AsyncHttpClient-1-2] DEBUG org.asynchttpclient.netty.handler.HttpHandler - 

Request DefaultHttpRequest(decodeResult: success, version: HTTP/1.1)
POST /session/5bf681029cefe38be3c56c6c2a887ff7/element HTTP/1.1
User-Agent: selenium/4.1.2 (java windows)
Content-Length: 87
Content-Type: application/json; charset=utf-8
host: localhost:61616
accept: */*

Response DefaultHttpResponse(decodeResult: success, version: HTTP/1.1)
HTTP/1.1 200 OK
Content-Type: application/json; charset=utf-8
cache-control: no-cache
content-length: 88

14:33:03.463 [AsyncHttpClient-1-2] DEBUG org.asynchttpclient.netty.channel.ChannelManager - Adding key: http://localhost:61616 for channel [id: 0xf4548267, L:/127.0.0.1:60079 - R:localhost/127.0.0.1:61616]
14:33:03.466 [Forwarding getElementTagName on session 5bf681029cefe38be3c56c6c2a887ff7 to remote] DEBUG org.asynchttpclient.netty.request.NettyRequestSender - Using pooled Channel '[id: 0xf4548267, L:/127.0.0.1:60079 - R:localhost/127.0.0.1:61616]' for 'GET' to 'http://localhost:61616/session/5bf681029cefe38be3c56c6c2a887ff7/element/985379ad-d198-479b-908f-36625f824118/name'
14:33:03.466 [Forwarding getElementTagName on session 5bf681029cefe38be3c56c6c2a887ff7 to remote] DEBUG org.asynchttpclient.netty.request.NettyRequestSender - Using open Channel [id: 0xf4548267, L:/127.0.0.1:60079 - R:localhost/127.0.0.1:61616] for GET '/session/5bf681029cefe38be3c56c6c2a887ff7/element/985379ad-d198-479b-908f-36625f824118/name'
14:33:03.476 [AsyncHttpClient-1-2] DEBUG org.asynchttpclient.netty.handler.HttpHandler - 

Request DefaultFullHttpRequest(decodeResult: success, version: HTTP/1.1, content: EmptyByteBufBE)
GET /session/5bf681029cefe38be3c56c6c2a887ff7/element/985379ad-d198-479b-908f-36625f824118/name HTTP/1.1
User-Agent: selenium/4.1.2 (java windows)
Cache-Control: no-cache
Content-Type: application/json; charset=utf-8
host: localhost:61616
accept: */*

Response DefaultHttpResponse(decodeResult: success, version: HTTP/1.1)
HTTP/1.1 200 OK
Content-Type: application/json; charset=utf-8
cache-control: no-cache
content-length: 18

14:33:03.476 [AsyncHttpClient-1-2] DEBUG org.asynchttpclient.netty.channel.ChannelManager - Adding key: http://localhost:61616 for channel [id: 0xf4548267, L:/127.0.0.1:60079 - R:localhost/127.0.0.1:61616]
14:33:03.479 [Forwarding getElementTagName on session 5bf681029cefe38be3c56c6c2a887ff7 to remote] DEBUG org.asynchttpclient.netty.request.NettyRequestSender - Using pooled Channel '[id: 0xf4548267, L:/127.0.0.1:60079 - R:localhost/127.0.0.1:61616]' for 'GET' to 'http://localhost:61616/session/5bf681029cefe38be3c56c6c2a887ff7/element/985379ad-d198-479b-908f-36625f824118/name'
14:33:03.479 [Forwarding getElementTagName on session 5bf681029cefe38be3c56c6c2a887ff7 to remote] DEBUG org.asynchttpclient.netty.request.NettyRequestSender - Using open Channel [id: 0xf4548267, L:/127.0.0.1:60079 - R:localhost/127.0.0.1:61616] for GET '/session/5bf681029cefe38be3c56c6c2a887ff7/element/985379ad-d198-479b-908f-36625f824118/name'
14:33:03.490 [AsyncHttpClient-1-2] DEBUG org.asynchttpclient.netty.handler.HttpHandler - 

Request DefaultFullHttpRequest(decodeResult: success, version: HTTP/1.1, content: EmptyByteBufBE)
GET /session/5bf681029cefe38be3c56c6c2a887ff7/element/985379ad-d198-479b-908f-36625f824118/name HTTP/1.1
User-Agent: selenium/4.1.2 (java windows)
Cache-Control: no-cache
Content-Type: application/json; charset=utf-8
host: localhost:61616
accept: */*

Response DefaultHttpResponse(decodeResult: success, version: HTTP/1.1)
HTTP/1.1 200 OK
Content-Type: application/json; charset=utf-8
cache-control: no-cache
content-length: 18

14:33:03.490 [AsyncHttpClient-1-2] DEBUG org.asynchttpclient.netty.channel.ChannelManager - Adding key: http://localhost:61616 for channel [id: 0xf4548267, L:/127.0.0.1:60079 - R:localhost/127.0.0.1:61616]
14:33:03.498 [Forwarding isElementEnabled on session 5bf681029cefe38be3c56c6c2a887ff7 to remote] DEBUG org.asynchttpclient.netty.request.NettyRequestSender - Using pooled Channel '[id: 0xf4548267, L:/127.0.0.1:60079 - R:localhost/127.0.0.1:61616]' for 'GET' to 'http://localhost:61616/session/5bf681029cefe38be3c56c6c2a887ff7/element/985379ad-d198-479b-908f-36625f824118/enabled'
14:33:03.498 [Forwarding isElementEnabled on session 5bf681029cefe38be3c56c6c2a887ff7 to remote] DEBUG org.asynchttpclient.netty.request.NettyRequestSender - Using open Channel [id: 0xf4548267, L:/127.0.0.1:60079 - R:localhost/127.0.0.1:61616] for GET '/session/5bf681029cefe38be3c56c6c2a887ff7/element/985379ad-d198-479b-908f-36625f824118/enabled'
14:33:03.514 [AsyncHttpClient-1-2] DEBUG org.asynchttpclient.netty.handler.HttpHandler - 

Request DefaultFullHttpRequest(decodeResult: success, version: HTTP/1.1, content: EmptyByteBufBE)
GET /session/5bf681029cefe38be3c56c6c2a887ff7/element/985379ad-d198-479b-908f-36625f824118/enabled HTTP/1.1
User-Agent: selenium/4.1.2 (java windows)
Cache-Control: no-cache
Content-Type: application/json; charset=utf-8
host: localhost:61616
accept: */*

Response DefaultHttpResponse(decodeResult: success, version: HTTP/1.1)
HTTP/1.1 200 OK
Content-Type: application/json; charset=utf-8
cache-control: no-cache
content-length: 14

14:33:03.514 [AsyncHttpClient-1-2] DEBUG org.asynchttpclient.netty.channel.ChannelManager - Adding key: http://localhost:61616 for channel [id: 0xf4548267, L:/127.0.0.1:60079 - R:localhost/127.0.0.1:61616]
14:33:03.517 [Forwarding isElementEnabled on session 5bf681029cefe38be3c56c6c2a887ff7 to remote] DEBUG org.asynchttpclient.netty.request.NettyRequestSender - Using pooled Channel '[id: 0xf4548267, L:/127.0.0.1:60079 - R:localhost/127.0.0.1:61616]' for 'GET' to 'http://localhost:61616/session/5bf681029cefe38be3c56c6c2a887ff7/element/985379ad-d198-479b-908f-36625f824118/enabled'
14:33:03.517 [Forwarding isElementEnabled on session 5bf681029cefe38be3c56c6c2a887ff7 to remote] DEBUG org.asynchttpclient.netty.request.NettyRequestSender - Using open Channel [id: 0xf4548267, L:/127.0.0.1:60079 - R:localhost/127.0.0.1:61616] for GET '/session/5bf681029cefe38be3c56c6c2a887ff7/element/985379ad-d198-479b-908f-36625f824118/enabled'
14:33:03.524 [AsyncHttpClient-1-2] DEBUG org.asynchttpclient.netty.handler.HttpHandler - 

Request DefaultFullHttpRequest(decodeResult: success, version: HTTP/1.1, content: EmptyByteBufBE)
GET /session/5bf681029cefe38be3c56c6c2a887ff7/element/985379ad-d198-479b-908f-36625f824118/enabled HTTP/1.1
User-Agent: selenium/4.1.2 (java windows)
Cache-Control: no-cache
Content-Type: application/json; charset=utf-8
host: localhost:61616
accept: */*

Response DefaultHttpResponse(decodeResult: success, version: HTTP/1.1)
HTTP/1.1 200 OK
Content-Type: application/json; charset=utf-8
cache-control: no-cache
content-length: 14

14:33:03.524 [AsyncHttpClient-1-2] DEBUG org.asynchttpclient.netty.channel.ChannelManager - Adding key: http://localhost:61616 for channel [id: 0xf4548267, L:/127.0.0.1:60079 - R:localhost/127.0.0.1:61616]
14:33:03.528 [Forwarding findElement on session 5bf681029cefe38be3c56c6c2a887ff7 to remote] DEBUG org.asynchttpclient.netty.request.NettyRequestSender - Using pooled Channel '[id: 0xf4548267, L:/127.0.0.1:60079 - R:localhost/127.0.0.1:61616]' for 'POST' to 'http://localhost:61616/session/5bf681029cefe38be3c56c6c2a887ff7/element'
14:33:03.529 [Forwarding findElement on session 5bf681029cefe38be3c56c6c2a887ff7 to remote] DEBUG org.asynchttpclient.netty.request.NettyRequestSender - Using open Channel [id: 0xf4548267, L:/127.0.0.1:60079 - R:localhost/127.0.0.1:61616] for POST '/session/5bf681029cefe38be3c56c6c2a887ff7/element'
14:33:03.536 [AsyncHttpClient-1-2] DEBUG org.asynchttpclient.netty.handler.HttpHandler - 

Request DefaultHttpRequest(decodeResult: success, version: HTTP/1.1)
POST /session/5bf681029cefe38be3c56c6c2a887ff7/element HTTP/1.1
User-Agent: selenium/4.1.2 (java windows)
Content-Length: 87
Content-Type: application/json; charset=utf-8
host: localhost:61616
accept: */*

Response DefaultHttpResponse(decodeResult: success, version: HTTP/1.1)
HTTP/1.1 200 OK
Content-Type: application/json; charset=utf-8
cache-control: no-cache
content-length: 88

14:33:03.537 [AsyncHttpClient-1-2] DEBUG org.asynchttpclient.netty.channel.ChannelManager - Adding key: http://localhost:61616 for channel [id: 0xf4548267, L:/127.0.0.1:60079 - R:localhost/127.0.0.1:61616]
14:33:03.540 [Forwarding clickElement on session 5bf681029cefe38be3c56c6c2a887ff7 to remote] DEBUG org.asynchttpclient.netty.request.NettyRequestSender - Using pooled Channel '[id: 0xf4548267, L:/127.0.0.1:60079 - R:localhost/127.0.0.1:61616]' for 'POST' to 'http://localhost:61616/session/5bf681029cefe38be3c56c6c2a887ff7/element/985379ad-d198-479b-908f-36625f824118/click'
14:33:03.540 [Forwarding clickElement on session 5bf681029cefe38be3c56c6c2a887ff7 to remote] DEBUG org.asynchttpclient.netty.request.NettyRequestSender - Using open Channel [id: 0xf4548267, L:/127.0.0.1:60079 - R:localhost/127.0.0.1:61616] for POST '/session/5bf681029cefe38be3c56c6c2a887ff7/element/985379ad-d198-479b-908f-36625f824118/click'
14:33:03.839 [AsyncHttpClient-1-1] DEBUG org.asynchttpclient.netty.channel.DefaultChannelPool - Entry count for : http://localhost:60080 : 1
14:33:04.939 [AsyncHttpClient-1-1] DEBUG org.asynchttpclient.netty.channel.DefaultChannelPool - Entry count for : http://localhost:60080 : 1
14:33:04.947 [AsyncHttpClient-1-2] DEBUG org.asynchttpclient.netty.handler.HttpHandler - 

Request DefaultHttpRequest(decodeResult: success, version: HTTP/1.1)
POST /session/5bf681029cefe38be3c56c6c2a887ff7/element/985379ad-d198-479b-908f-36625f824118/click HTTP/1.1
User-Agent: selenium/4.1.2 (java windows)
Content-Length: 50
Content-Type: application/json; charset=utf-8
host: localhost:61616
accept: */*

Response DefaultHttpResponse(decodeResult: success, version: HTTP/1.1)
HTTP/1.1 200 OK
Content-Type: application/json; charset=utf-8
cache-control: no-cache
content-length: 14

14:33:04.948 [AsyncHttpClient-1-2] DEBUG org.asynchttpclient.netty.channel.ChannelManager - Adding key: http://localhost:61616 for channel [id: 0xf4548267, L:/127.0.0.1:60079 - R:localhost/127.0.0.1:61616]
  &amp#27;[32mAnd &amp#27;[0m&amp#27;[32mI click next button&amp#27;[0m                                                      &amp#27;[90m# starter.stepdefinitions.countPensionFund.iClickNextButton()&amp#27;[0m
14:33:04.963 [Forwarding screenshot on session 5bf681029cefe38be3c56c6c2a887ff7 to remote] DEBUG org.asynchttpclient.netty.request.NettyRequestSender - Using pooled Channel '[id: 0xf4548267, L:/127.0.0.1:60079 - R:localhost/127.0.0.1:61616]' for 'GET' to 'http://localhost:61616/session/5bf681029cefe38be3c56c6c2a887ff7/screenshot'
14:33:04.964 [Forwarding screenshot on session 5bf681029cefe38be3c56c6c2a887ff7 to remote] DEBUG org.asynchttpclient.netty.request.NettyRequestSender - Using open Channel [id: 0xf4548267, L:/127.0.0.1:60079 - R:localhost/127.0.0.1:61616] for GET '/session/5bf681029cefe38be3c56c6c2a887ff7/screenshot'
14:33:05.499 [AsyncHttpClient-1-2] DEBUG org.asynchttpclient.netty.handler.HttpHandler - 

Request DefaultFullHttpRequest(decodeResult: success, version: HTTP/1.1, content: EmptyByteBufBE)
GET /session/5bf681029cefe38be3c56c6c2a887ff7/screenshot HTTP/1.1
User-Agent: selenium/4.1.2 (java windows)
Cache-Control: no-cache
Content-Type: application/json; charset=utf-8
host: localhost:61616
accept: */*

Response DefaultHttpResponse(decodeResult: success, version: HTTP/1.1)
HTTP/1.1 200 OK
Content-Type: application/json; charset=utf-8
cache-control: no-cache
content-length: 991440

14:33:05.504 [AsyncHttpClient-1-2] DEBUG org.asynchttpclient.netty.channel.ChannelManager - Adding key: http://localhost:61616 for channel [id: 0xf4548267, L:/127.0.0.1:60079 - R:localhost/127.0.0.1:61616]
14:33:05.559 [main] DEBUG net.serenitybdd.core.photography.Darkroom - Send negative for processing for target\site\serenity\9960642dfebc3c6106633daabe22cb5bfc7a313691914be302478ca07911e523.png
14:33:05.560 [Darkroom Processing Line] DEBUG net.serenitybdd.core.photography.DarkroomProcessingLine - Processing screenshot image in /var/screenshots/screenshot-16884186745469199954
[...]
User-Agent: selenium/4.1.2 (java windows)
Cache-Control: no-cache
Content-Type: application/json; charset=utf-8
host: localhost:61616
accept: */*

Response DefaultHttpResponse(decodeResult: success, version: HTTP/1.1)
HTTP/1.1 200 OK
Content-Type: application/json; charset=utf-8
cache-control: no-cache
content-length: 18

14:33:07.805 [AsyncHttpClient-1-2] DEBUG org.asynchttpclient.netty.channel.ChannelManager - Adding key: http://localhost:61616 for channel [id: 0xf4548267, L:/127.0.0.1:60079 - R:localhost/127.0.0.1:61616]
14:33:07.807 [Forwarding isElementEnabled on session 5bf681029cefe38be3c56c6c2a887ff7 to remote] DEBUG org.asynchttpclient.netty.request.NettyRequestSender - Using pooled Channel '[id: 0xf4548267, L:/127.0.0.1:60079 - R:localhost/127.0.0.1:61616]' for 'GET' to 'http://localhost:61616/session/5bf681029cefe38be3c56c6c2a887ff7/element/7f1c03ff-5604-4b9f-9e94-337a5f823d5e/enabled'
14:33:07.807 [Forwarding isElementEnabled on session 5bf681029cefe38be3c56c6c2a887ff7 to remote] DEBUG org.asynchttpclient.netty.request.NettyRequestSender - Using open Channel [id: 0xf4548267, L:/127.0.0.1:60079 - R:localhost/127.0.0.1:61616] for GET '/session/5bf681029cefe38be3c56c6c2a887ff7/element/7f1c03ff-5604-4b9f-9e94-337a5f823d5e/enabled'
14:33:07.819 [AsyncHttpClient-1-2] DEBUG org.asynchttpclient.netty.handler.HttpHandler - 

Request DefaultFullHttpRequest(decodeResult: success, version: HTTP/1.1, content: EmptyByteBufBE)
GET /session/5bf681029cefe38be3c56c6c2a887ff7/element/7f1c03ff-5604-4b9f-9e94-337a5f823d5e/enabled HTTP/1.1
User-Agent: selenium/4.1.2 (java windows)
Cache-Control: no-cache
Content-Type: application/json; charset=utf-8
host: localhost:61616
accept: */*

Response DefaultHttpResponse(decodeResult: success, version: HTTP/1.1)
HTTP/1.1 200 OK
Content-Type: application/json; charset=utf-8
cache-control: no-cache
content-length: 14

14:33:07.819 [AsyncHttpClient-1-2] DEBUG org.asynchttpclient.netty.channel.ChannelManager - Adding key: http://localhost:61616 for channel [id: 0xf4548267, L:/127.0.0.1:60079 - R:localhost/127.0.0.1:61616]
14:33:07.821 [Forwarding isElementEnabled on session 5bf681029cefe38be3c56c6c2a887ff7 to remote] DEBUG org.asynchttpclient.netty.request.NettyRequestSender - Using pooled Channel '[id: 0xf4548267, L:/127.0.0.1:60079 - R:localhost/127.0.0.1:61616]' for 'GET' to 'http://localhost:61616/session/5bf681029cefe38be3c56c6c2a887ff7/element/7f1c03ff-5604-4b9f-9e94-337a5f823d5e/enabled'
14:33:07.821 [Forwarding isElementEnabled on session 5bf681029cefe38be3c56c6c2a887ff7 to remote] DEBUG org.asynchttpclient.netty.request.NettyRequestSender - Using open Channel [id: 0xf4548267, L:/127.0.0.1:60079 - R:localhost/127.0.0.1:61616] for GET '/session/5bf681029cefe38be3c56c6c2a887ff7/element/7f1c03ff-5604-4b9f-9e94-337a5f823d5e/enabled'
14:33:07.831 [AsyncHttpClient-1-2] DEBUG org.asynchttpclient.netty.handler.HttpHandler - 

Request DefaultFullHttpRequest(decodeResult: success, version: HTTP/1.1, content: EmptyByteBufBE)
GET /session/5bf681029cefe38be3c56c6c2a887ff7/element/7f1c03ff-5604-4b9f-9e94-337a5f823d5e/enabled HTTP/1.1
User-Agent: selenium/4.1.2 (java windows)
Cache-Control: no-cache
Content-Type: application/json; charset=utf-8
host: localhost:61616
accept: */*

Response DefaultHttpResponse(decodeResult: success, version: HTTP/1.1)
HTTP/1.1 200 OK
Content-Type: application/json; charset=utf-8
cache-control: no-cache
content-length: 14

14:33:07.831 [AsyncHttpClient-1-2] DEBUG org.asynchttpclient.netty.channel.ChannelManager - Adding key: http://localhost:61616 for channel [id: 0xf4548267, L:/127.0.0.1:60079 - R:localhost/127.0.0.1:61616]
14:33:07.833 [Forwarding findElement on session 5bf681029cefe38be3c56c6c2a887ff7 to remote] DEBUG org.asynchttpclient.netty.request.NettyRequestSender - Using pooled Channel '[id: 0xf4548267, L:/127.0.0.1:60079 - R:localhost/127.0.0.1:61616]' for 'POST' to 'http://localhost:61616/session/5bf681029cefe38be3c56c6c2a887ff7/element'
14:33:07.834 [Forwarding findElement on session 5bf681029cefe38be3c56c6c2a887ff7 to remote] DEBUG org.asynchttpclient.netty.request.NettyRequestSender - Using open Channel [id: 0xf4548267, L:/127.0.0.1:60079 - R:localhost/127.0.0.1:61616] for POST '/session/5bf681029cefe38be3c56c6c2a887ff7/element'
14:33:07.841 [AsyncHttpClient-1-2] DEBUG org.asynchttpclient.netty.handler.HttpHandler - 

Request DefaultHttpRequest(decodeResult: success, version: HTTP/1.1)
POST /session/5bf681029cefe38be3c56c6c2a887ff7/element HTTP/1.1
User-Agent: selenium/4.1.2 (java windows)
Content-Length: 83
Content-Type: application/json; charset=utf-8
host: localhost:61616
accept: */*

Response DefaultHttpResponse(decodeResult: success, version: HTTP/1.1)
HTTP/1.1 200 OK
Content-Type: application/json; charset=utf-8
cache-control: no-cache
content-length: 88

14:33:07.841 [AsyncHttpClient-1-2] DEBUG org.asynchttpclient.netty.channel.ChannelManager - Adding key: http://localhost:61616 for channel [id: 0xf4548267, L:/127.0.0.1:60079 - R:localhost/127.0.0.1:61616]
14:33:07.843 [Forwarding clickElement on session 5bf681029cefe38be3c56c6c2a887ff7 to remote] DEBUG org.asynchttpclient.netty.request.NettyRequestSender - Using pooled Channel '[id: 0xf4548267, L:/127.0.0.1:60079 - R:localhost/127.0.0.1:61616]' for 'POST' to 'http://localhost:61616/session/5bf681029cefe38be3c56c6c2a887ff7/element/7f1c03ff-5604-4b9f-9e94-337a5f823d5e/click'
14:33:07.843 [Forwarding clickElement on session 5bf681029cefe38be3c56c6c2a887ff7 to remote] DEBUG org.asynchttpclient.netty.request.NettyRequestSender - Using open Channel [id: 0xf4548267, L:/127.0.0.1:60079 - R:localhost/127.0.0.1:61616] for POST '/session/5bf681029cefe38be3c56c6c2a887ff7/element/7f1c03ff-5604-4b9f-9e94-337a5f823d5e/click'
14:33:07.931 [AsyncHttpClient-1-2] DEBUG org.asynchttpclient.netty.handler.HttpHandler - 

Request DefaultHttpRequest(decodeResult: success, version: HTTP/1.1)
POST /session/5bf681029cefe38be3c56c6c2a887ff7/element/7f1c03ff-5604-4b9f-9e94-337a5f823d5e/click HTTP/1.1
User-Agent: selenium/4.1.2 (java windows)
Content-Length: 50
Content-Type: application/json; charset=utf-8
host: localhost:61616
accept: */*

Response DefaultHttpResponse(decodeResult: success, version: HTTP/1.1)
HTTP/1.1 200 OK
Content-Type: application/json; charset=utf-8
cache-control: no-cache
content-length: 14

14:33:07.931 [AsyncHttpClient-1-2] DEBUG org.asynchttpclient.netty.channel.ChannelManager - Adding key: http://localhost:61616 for channel [id: 0xf4548267, L:/127.0.0.1:60079 - R:localhost/127.0.0.1:61616]
  &amp#27;[32mAnd &amp#27;[0m&amp#27;[32mI fill the ratio and click next button&amp#27;[0m                                   &amp#27;[90m# starter.stepdefinitions.countPensionFund.iFillTheRatioAndClickNextButton()&amp#27;[0m
14:33:07.943 [Forwarding screenshot on session 5bf681029cefe38be3c56c6c2a887ff7 to remote] DEBUG org.asynchttpclient.netty.request.NettyRequestSender - Using pooled Channel '[id: 0xf4548267, L:/127.0.0.1:60079 - R:localhost/127.0.0.1:61616]' for 'GET' to 'http://localhost:61616/session/5bf681029cefe38be3c56c6c2a887ff7/screenshot'
14:33:07.943 [Forwarding screenshot on session 5bf681029cefe38be3c56c6c2a887ff7 to remote] DEBUG org.asynchttpclient.netty.request.NettyRequestSender - Using open Channel [id: 0xf4548267, L:/127.0.0.1:60079 - R:localhost/127.0.0.1:61616] for GET '/session/5bf681029cefe38be3c56c6c2a887ff7/screenshot'
14:33:08.239 [AsyncHttpClient-1-1] DEBUG org.asynchttpclient.netty.channel.DefaultChannelPool - Entry count for : http://localhost:60080 : 1
14:33:08.469 [AsyncHttpClient-1-2] DEBUG org.asynchttpclient.netty.handler.HttpHandler - 

Request DefaultFullHttpRequest(decodeResult: success, version: HTTP/1.1, content: EmptyByteBufBE)
GET /session/5bf681029cefe38be3c56c6c2a887ff7/screenshot HTTP/1.1
User-Agent: selenium/4.1.2 (java windows)
Cache-Control: no-cache
Content-Type: application/json; charset=utf-8
host: localhost:61616
accept: */*

Response DefaultHttpResponse(decodeResult: success, version: HTTP/1.1)
HTTP/1.1 200 OK
Content-Type: application/json; charset=utf-8
cache-control: no-cache
content-length: 1255948

14:33:08.475 [AsyncHttpClient-1-2] DEBUG org.asynchttpclient.netty.channel.ChannelManager - Adding key: http://localhost:61616 for channel [id: 0xf4548267, L:/127.0.0.1:60079 - R:localhost/127.0.0.1:61616]
14:33:08.506 [main] DEBUG net.serenitybdd.core.photography.Darkroom - Send negative for processing for target\site\serenity\c9722312937ed6d14d9e6af9bfa405245659e291deb0ea4ef0273a6588c799d4.png
14:33:08.506 [Darkroom Processing Line] DEBUG net.serenitybdd.core.photography.DarkroomProcessingLine - Processing screenshot image in /var/screenshots/screenshot-10825459754491383368
14:33:08.506 [Darkroom Processing Line] DEBUG net.serenitybdd.core.photography.DarkroomProcessingLine - Saving screenshot to target\site\serenity\c9722312937ed6d14d9e6af9bfa405245659e291deb0ea4ef0273a6588c799d4.png
14:33:08.519 [Forwarding findElement on session 5bf681029cefe38be3c56c6c2a887ff7 to remote] DEBUG org.asynchttpclient.netty.request.NettyRequestSender - Using pooled Channel '[id: 0xf4548267, L:/127.0.0.1:60079 - R:localhost/127.0.0.1:61616]' for 'POST' to 'http://localhost:61616/session/5bf681029cefe38be3c56c6c2a887ff7/element'
14:33:08.519 [Forwarding findElement on session 5bf681029cefe38be3c56c6c2a887ff7 to remote] DEBUG org.asynchttpclient.netty.request.NettyRequestSender - Using open Channel [id: 0xf4548267, L:/127.0.0.1:60079 - R:localhost/127.0.0.1:61616] for POST '/session/5bf681029cefe38be3c56c6c2a887ff7/element'
14:33:08.533 [AsyncHttpClient-1-2] DEBUG org.asynchttpclient.netty.handler.HttpHandler - 

Request DefaultHttpRequest(decodeResult: success, version: HTTP/1.1)
POST /session/5bf681029cefe38be3c56c6c2a887ff7/element HTTP/1.1
User-Agent: selenium/4.1.2 (java windows)
Content-Length: 71
Content-Type: application/json; charset=utf-8
host: localhost:61616
accept: */*

Response DefaultHttpResponse(decodeResult: success, version: HTTP/1.1)
HTTP/1.1 200 OK
Content-Type: application/json; charset=utf-8
cache-control: no-cache
content-length: 88

14:33:08.534 [AsyncHttpClient-1-2] DEBUG org.asynchttpclient.netty.channel.ChannelManager - Adding key: http://localhost:61616 for channel [id: 0xf4548267, L:/127.0.0.1:60079 - R:localhost/127.0.0.1:61616]
14:33:08.541 [Forwarding isElementDisplayed on session 5bf681029cefe38be3c56c6c2a887ff7 to remote] DEBUG org.asynchttpclient.netty.request.NettyRequestSender - Using pooled Channel '[id: 0xf4548267, L:/127.0.0.1:60079 - R:localhost/127.0.0.1:61616]' for 'POST' to 'http://localhost:61616/session/5bf681029cefe38be3c56c6c2a887ff7/execute/sync'
14:33:08.542 [Forwarding isElementDisplayed on session 5bf681029cefe38be3c56c6c2a887ff7 to remote] DEBUG org.asynchttpclient.netty.request.NettyRequestSender - Using open Channel [id: 0xf4548267, L:/127.0.0.1:60079 - R:localhost/127.0.0.1:61616] for POST '/session/5bf681029cefe38be3c56c6c2a887ff7/execute/sync'
14:33:08.559 [AsyncHttpClient-1-2] DEBUG org.asynchttpclient.netty.handler.HttpHandler - 

Request DefaultHttpRequest(decodeResult: success, version: HTTP/1.1)
POST /session/5bf681029cefe38be3c56c6c2a887ff7/execute/sync HTTP/1.1
User-Agent: selenium/4.1.2 (java windows)
Content-Length: 48780
Content-Type: application/json; charset=utf-8
host: localhost:61616
accept: */*

Response DefaultHttpResponse(decodeResult: success, version: HTTP/1.1)
HTTP/1.1 200 OK
Content-Type: application/json; charset=utf-8
cache-control: no-cache
content-length: 14

14:33:08.559 [AsyncHttpClient-1-2] DEBUG org.asynchttpclient.netty.channel.ChannelManager - Adding key: http://localhost:61616 for channel [id: 0xf4548267, L:/127.0.0.1:60079 - R:localhost/127.0.0.1:61616]
  &amp#27;[32mThen &amp#27;[0m&amp#27;[32mI get my result&amp#27;[0m                                                         &amp#27;[90m# starter.stepdefinitions.countPensionFund.iGetMyResult()&amp#27;[0m
14:33:08.567 [Forwarding screenshot on session 5bf681029cefe38be3c56c6c2a887ff7 to remote] DEBUG org.asynchttpclient.netty.request.NettyRequestSender - Using pooled Channel '[id: 0xf4548267, L:/127.0.0.1:60079 - R:localhost/127.0.0.1:61616]' for 'GET' to 'http://localhost:61616/session/5bf681029cefe38be3c56c6c2a887ff7/screenshot'
14:33:08.567 [Forwarding screenshot on session 5bf681029cefe38be3c56c6c2a887ff7 to remote] DEBUG org.asynchttpclient.netty.request.NettyRequestSender - Using open Channel [id: 0xf4548267, L:/127.0.0.1:60079 - R:localhost/127.0.0.1:61616] for GET '/session/5bf681029cefe38be3c56c6c2a887ff7/screenshot'
14:33:09.093 [AsyncHttpClient-1-2] DEBUG org.asynchttpclient.netty.handler.HttpHandler - 

Request DefaultFullHttpRequest(decodeResult: success, version: HTTP/1.1, content: EmptyByteBufBE)
GET /session/5bf681029cefe38be3c56c6c2a887ff7/screenshot HTTP/1.1
User-Agent: selenium/4.1.2 (java windows)
Cache-Control: no-cache
Content-Type: application/json; charset=utf-8
host: localhost:61616
accept: */*

Response DefaultHttpResponse(decodeResult: success, version: HTTP/1.1)
HTTP/1.1 200 OK
Content-Type: application/json; charset=utf-8
cache-control: no-cache
content-length: 1326632

14:33:09.100 [AsyncHttpClient-1-2] DEBUG org.asynchttpclient.netty.channel.ChannelManager - Adding key: http://localhost:61616 for channel [id: 0xf4548267, L:/127.0.0.1:60079 - R:localhost/127.0.0.1:61616]
14:33:09.134 [main] DEBUG net.serenitybdd.core.photography.Darkroom - Send negative for processing for target\site\serenity\2ef9c6e45c5d484ecf9bb4ab3d5786923b8e48b0eb7abdd79351140dbd4b8bc3.png
14:33:09.135 [Darkroom Processing Line] DEBUG net.serenitybdd.core.photography.DarkroomProcessingLine - Processing screenshot image in /var/screenshots/screenshot-9517628623838683791
14:33:09.135 [Darkroom Processing Line] DEBUG net.serenitybdd.core.photography.DarkroomProcessingLine - Saving screenshot to target\site\serenity\2ef9c6e45c5d484ecf9bb4ab3d5786923b8e48b0eb7abdd79351140dbd4b8bc3.png
14:33:09.147 [main] INFO  - 
  _____   ___   ___   _____     ___     _     ___   ___   ___   ___  
 |_   _| | __| / __| |_   _|   | _ \   /_\   / __| / __| | __| |   \ 
   | |   | _|  \__ \   | |     |  _/  / _ \  \__ \ \__ \ | _|  | |) |
   |_|   |___| |___/   |_|     |_|   /_/ \_\ |___/ |___/ |___| |___/ 

As a user i have to be able to count my pension fund
----------------------------------------------------------------------
14:33:09.281 [Driver Command Executor] DEBUG org.asynchttpclient.netty.request.NettyRequestSender - Using pooled Channel '[id: 0xf4548267, L:/127.0.0.1:60079 - R:localhost/127.0.0.1:61616]' for 'DELETE' to 'http://localhost:61616/session/5bf681029cefe38be3c56c6c2a887ff7'
14:33:09.281 [Driver Command Executor] DEBUG org.asynchttpclient.netty.request.NettyRequestSender - Using open Channel [id: 0xf4548267, L:/127.0.0.1:60079 - R:localhost/127.0.0.1:61616] for DELETE '/session/5bf681029cefe38be3c56c6c2a887ff7'
14:33:09.282 [AsyncHttpClient-1-4] DEBUG org.asynchttpclient.netty.handler.WebSocketHandler - Channel Closed: [id: 0x1ee756b8, L:/127.0.0.1:60090 ! R:localhost/127.0.0.1:60080] with attribute NettyResponseFuture{currentRetry=5,
	isDone=1,
	isCancelled=0,
	asyncHandler=org.asynchttpclient.ws.WebSocketUpgradeHandler@e68e85e,
	nettyRequest=org.asynchttpclient.netty.request.NettyRequest@1a10a9f6,
	future=java.util.concurrent.CompletableFuture@43ad36ba[Completed normally],
	uri=ws://localhost:60080/devtools/browser/de423275-68d6-421c-b595-8bfefabd173d,
	keepAlive=true,
	redirectCount=0,
	timeoutsHolder=null,
	inAuth=0,
	touch=1665041550632}
14:33:09.283 [AsyncHttpClient-1-4] DEBUG org.asynchttpclient.netty.channel.ChannelManager - Closing Channel [id: 0x1ee756b8, L:/127.0.0.1:60090 ! R:localhost/127.0.0.1:60080] 
14:33:09.340 [AsyncHttpClient-1-1] DEBUG org.asynchttpclient.netty.channel.DefaultChannelPool - Entry count for : http://localhost:60080 : 1
14:33:09.347 [AsyncHttpClient-1-3] DEBUG org.asynchttpclient.netty.handler.HttpHandler - Unexpected I/O exception on channel [id: 0x54e718e7, L:/127.0.0.1:60089 - R:localhost/127.0.0.1:60080]
java.net.SocketException: Connection reset
	at java.base/sun.nio.ch.SocketChannelImpl.throwConnectionReset(SocketChannelImpl.java:367)
	at java.base/sun.nio.ch.SocketChannelImpl.read(SocketChannelImpl.java:398)
	at io.netty.buffer.PooledByteBuf.setBytes(PooledByteBuf.java:258)
	at io.netty.buffer.AbstractByteBuf.writeBytes(AbstractByteBuf.java:1132)
	at io.netty.channel.socket.nio.NioSocketChannel.doReadBytes(NioSocketChannel.java:350)
	at io.netty.channel.nio.AbstractNioByteChannel$NioByteUnsafe.read(AbstractNioByteChannel.java:151)
	at io.netty.channel.nio.NioEventLoop.processSelectedKey(NioEventLoop.java:722)
	at io.netty.channel.nio.NioEventLoop.processSelectedKeysOptimized(NioEventLoop.java:658)
	at io.netty.channel.nio.NioEventLoop.processSelectedKeys(NioEventLoop.java:584)
	at io.netty.channel.nio.NioEventLoop.run(NioEventLoop.java:496)
	at io.netty.util.concurrent.SingleThreadEventExecutor$4.run(SingleThreadEventExecutor.java:986)
	at io.netty.util.internal.ThreadExecutorMap$2.run(ThreadExecutorMap.java:74)
	at io.netty.util.concurrent.FastThreadLocalRunnable.run(FastThreadLocalRunnable.java:30)
	at java.base/java.lang.Thread.run(Thread.java:832)
14:33:09.348 [AsyncHttpClient-1-3] DEBUG org.asynchttpclient.netty.channel.ChannelManager - Closing Channel [id: 0x54e718e7, L:/127.0.0.1:60089 - R:localhost/127.0.0.1:60080] 
14:33:09.350 [AsyncHttpClient-1-3] DEBUG org.asynchttpclient.netty.handler.HttpHandler - Channel Closed: [id: 0x54e718e7, L:/127.0.0.1:60089 ! R:localhost/127.0.0.1:60080] with attribute DISCARD
14:33:09.403 [AsyncHttpClient-1-2] DEBUG org.asynchttpclient.netty.handler.HttpHandler - 

Request DefaultFullHttpRequest(decodeResult: success, version: HTTP/1.1, content: EmptyByteBufBE)
DELETE /session/5bf681029cefe38be3c56c6c2a887ff7 HTTP/1.1
User-Agent: selenium/4.1.2 (java windows)
Content-Type: application/json; charset=utf-8
host: localhost:61616
accept: */*

Response DefaultHttpResponse(decodeResult: success, version: HTTP/1.1)
HTTP/1.1 200 OK
Content-Type: application/json; charset=utf-8
cache-control: no-cache
content-length: 14

14:33:09.404 [AsyncHttpClient-1-2] DEBUG org.asynchttpclient.netty.channel.ChannelManager - Adding key: http://localhost:61616 for channel [id: 0xf4548267, L:/127.0.0.1:60079 - R:localhost/127.0.0.1:61616]
14:33:09.513 [AsyncHttpClient-1-2] DEBUG org.asynchttpclient.netty.handler.HttpHandler - Channel Closed: [id: 0xf4548267, L:/127.0.0.1:60079 ! R:localhost/127.0.0.1:61616] with attribute DISCARD
]]></system-out>
    <system-err><![CDATA[Starting ChromeDriver 105.0.5195.52 (412c95e518836d8a7d97250d62b29c2ae6a26a85-refs/branch-heads/5195@{#853}) on port 61616
Only local connections are allowed.
Please see https://chromedriver.chromium.org/security-considerations for suggestions on keeping ChromeDriver safe.
ChromeDriver was started successfully.
[1665041550.439][WARNING]: This version of ChromeDriver has not been tested with Chrome version 106.
Oct 06, 2022 2:32:30 PM org.openqa.selenium.remote.ProtocolHandshake createSession
INFO: Detected dialect: W3C
Oct 06, 2022 2:32:30 PM org.openqa.selenium.devtools.CdpVersionFinder findNearestMatch
WARNING: Unable to find an exact match for CDP version 106, so returning the closest version found: a no-op implementation
Oct 06, 2022 2:32:30 PM org.openqa.selenium.devtools.CdpVersionFinder findNearestMatch
INFO: Unable to find CDP implementation matching 106.
Oct 06, 2022 2:32:30 PM org.openqa.selenium.chromium.ChromiumDriver lambda$new$3
WARNING: Unable to find version of CDP to use for . You may need to include a dependency on a specific version of the CDP using something similar to `org.seleniumhq.selenium:selenium-devtools-v86:4.1.2` where the version ("v86") matches the version of the chromium-based browser you're using and the version number of the artifact is the same as Selenium's.
]]></system-err>
  </testcase>
</testsuite>